C51 COMPILER V9.53.0.0   F30X_PORTS_SWITCHLED                                              07/05/2018 17:45:58 PAGE 1   


C51 COMPILER V9.53.0.0, COMPILATION OF MODULE F30X_PORTS_SWITCHLED
OBJECT MODULE PLACED IN .\src/F30x_Ports_SwitchLED.OBJ
COMPILER INVOKED BY: Z:\home\gabriel\Descargas\SimplicityStudio_v4\developer\toolchains\keil_8051\9.53\BIN\C51.exe /root
                    -/SimplicityStudio/v4_workspace/F30x_Blinky_c/src/F30x_Ports_SwitchLED.c OMF2 SMALL DEBUG OBJECTEXTEND ROM(LARGE) WARNING
                    -LEVEL(2) FLOATFUZZY(3) OPTIMIZE(8,SPEED) DEFINE(DEBUG=1) INTVECTOR(0X0000) INTPROMOTE INCDIR(/home/gabriel/Descargas/Sim
                    -plicityStudio_v4/developer/sdks/8051/v4.1.2//Device/shared/si8051base;/home/gabriel/Descargas/SimplicityStudio_v4/develo
                    -per/sdks/8051/v4.1.2//Device/C8051F300/inc) PRINT(.\src/F30x_Ports_SwitchLED.lst) COND PAGEWIDTH(120) PAGELENGTH(65) OBJ
                    -ECT(.\src/F30x_Ports_SwitchLED.OBJ)

line level    source

   1          //-----------------------------------------------------------------------------
   2          // F30x_Ports_SwitchLED.c
   3          //-----------------------------------------------------------------------------
   4          // Copyright 2014 Silicon Laboratories, Inc.
   5          // http://developer.silabs.com/legal/version/v11/Silicon_Labs_Software_License_Agreement.txt
   6          //
   7          // Program Description:
   8          //
   9          // This program demonstrates how to configure port pins as digital inputs
  10          // and outputs.  The C8051F300 target board has one push-button switch
  11          // connected to a port pin and one LED.  The program constantly checks the 
  12          // status of the switch and if it is pushed, it turns on the LED.
  13          //
  14          //
  15          // How To Test:
  16          //
  17          // 1) Ensure shorting blocks are place on the following:
  18          //    - J3: P0.2_LED
  19          //          P0.3_SW
  20          // 2) Connect the USB Debug Adapter to J4.
  21          // 3) Connect the 9V power adapter to P1.
  22          // 4) Compile and download code to a 'F300 device on a C8051F300-TB development
  23          //    board by selecting Run -> Debug from the menus, clicking the Debug button 
  24          //    in the quick menu, or pressing F11.
  25          // 5) Run the code by selecting Run -> Resume from the menus, clicking the
  26          //    Resume button in the quick menu, or pressing F8.
  27          // 6) Push the button (P0.3) and see that the LED turns on 
  28          //
  29          //
  30          // Target:         C8051F300
  31          // Tool chain:     Simplicity Studio / Keil C51 9.51
  32          // Command Line:   None
  33          //
  34          // Release 1.1 (BL)
  35          //    - Updated Description / How to Test
  36          //    - Replaced C51 code with compiler agnostic code
  37          //    - 09 JAN 2014
  38          //
  39          // Release 1.0
  40          //    -Initial Revision (GP)
  41          //    -15 NOV 2005
  42          //
  43          
  44          //-----------------------------------------------------------------------------
  45          // Includes
  46          //-----------------------------------------------------------------------------
  47          
  48          #include "SI_C8051F300_Register_Enums.h"
  49          //#include "WF18F.h"
  50          
  51          //-----------------------------------------------------------------------------
C51 COMPILER V9.53.0.0   F30X_PORTS_SWITCHLED                                              07/05/2018 17:45:58 PAGE 2   

  52          // Pin Declarations
  53          //-----------------------------------------------------------------------------
  54          
  55          SBIT (LED1, SFR_P0, 2);                     // LED1 ='1' means ON
  56          SBIT (SW1, SFR_P0, 3);                      // SW1 ='0' means switch pressed
  57          
  58          //-----------------------------------------------------------------------------
  59          // Function Prototypes
  60          //-----------------------------------------------------------------------------
  61          
  62          void OSCILLATOR_Init (void);           
  63          void PORT_Init (void);
  64          
  65          //extern void FULL_ON_SPI(U16);
  66          //extern void ST7735S_WF18F(void);
  67          
  68          
  69          ///////// MCU Pin define//////////////////
  70          //SPI_WF18F
  71          
  72          
  73          SBIT (SPI_CS, SFR_P0,7);                        // CS del WF18F
  74          SBIT (SPI_SCK, SFR_P0,6);                      // SCK del WF18F
  75          SBIT (SPI_RST, SFR_P0,0);                       // RST del WF18F
  76          SBIT (SPI_SDA, SFR_P0,1);                      // SDA del WF18F
  77          
  78          U8 GATE,SOURCE;
  79          
  80          
  81          ///////ST7735S_128x160(3-SPI main,Write Cammand,Data)///////
  82          
  83          void delay1(unsigned int delay_value)
  84          {
  85   1              unsigned int i,j;
  86   1      
  87   1              for(i=0;i<=delay_value;i++)
  88   1              {
  89   2                      for(j=0;j<=delay_value;j++)
  90   2                      {}
  91   2              }
  92   1      }
  93          
  94          //SPI
  95          void Write_byte(unsigned char dat)
  96          {
  97   1              unsigned char i;
  98   1      
  99   1              for(i=0;i<8;i++)
 100   1              {
 101   2                      if((dat<<i)&0x80)
 102   2                      {
 103   3                              SPI_SDA=1;
 104   3                      }
 105   2                      else
 106   2                      {
 107   3                              SPI_SDA=0;
 108   3                      }
 109   2                      delay1(2);
 110   2                      SPI_SCK=0;
 111   2                      delay1(1);
 112   2                      SPI_SCK=1;
 113   2              }
 114   1      }
C51 COMPILER V9.53.0.0   F30X_PORTS_SWITCHLED                                              07/05/2018 17:45:58 PAGE 3   

 115          
 116          //SPI WF18F USE_2017_08_30 NewADD
 117          void SPI_WF18F_WrCmd(unsigned char dat)
 118          {
 119   1              SPI_CS = 0;
 120   1              SPI_SDA = 0;
 121   1              SPI_SCK = 0;
 122   1              SPI_SCK = 1;
 123   1      
 124   1              delay1(2);
 125   1              Write_byte(dat);
 126   1              delay1(1);
 127   1              SPI_CS = 1;
 128   1      }
 129          
 130          
 131          //SPI WF18F USE_2017_08_30 NewADD
 132          void SPI_WF18F_WriteData(unsigned char dat)
 133          {
 134   1              SPI_CS = 0;
 135   1              SPI_SDA = 1;
 136   1              SPI_SCK = 0;
 137   1              SPI_SCK = 1;
 138   1              delay1(5);
 139   1              Write_byte(dat);
 140   1              delay1(5);
 141   1              SPI_CS = 1;
 142   1      }
 143          
 144          ///////////////////////////////////////////////////////////
 145          void FULL_ON_SPI(unsigned int data1)
 146          {
 147   1              unsigned int x,y;
 148   1      
 149   1              for(x=0;x<SOURCE;x++)
 150   1              {
 151   2                      for(y= 0;y<GATE;y++)
 152   2                      {
 153   3                              SPI_WF18F_WriteData(data1>>8);
 154   3                              SPI_WF18F_WriteData(data1);
 155   3                      }
 156   2              }
 157   1      }
 158          
 159          
 160          //////////delay//////////////////////////////
 161          void delay(unsigned int delay_value)
 162          {
 163   1              while(delay_value!=0)
 164   1              delay_value--;
 165   1      }
 166          
 167          /////////3-SPI initial///////////////////////////
 168          void ST7735S_WF18F(void)  //WF18F
 169          {
 170   1              GATE = 160;
 171   1              SOURCE = 128;
 172   1      
 173   1              //RESET
 174   1              SPI_RST = 1;
 175   1              delay(1000);
 176   1      //      asm("nop");
 177   1      //      asm("nop");
C51 COMPILER V9.53.0.0   F30X_PORTS_SWITCHLED                                              07/05/2018 17:45:58 PAGE 4   

 178   1      //      asm("nop");
 179   1              SPI_RST = 0;
 180   1              delay(100);
 181   1              SPI_RST = 1;
 182   1      //      asm("nop");
 183   1      //      asm("nop");
 184   1      //      asm("nop");
 185   1              delay(500);
 186   1      
 187   1              SPI_WF18F_WrCmd(0x11);    //Sleep out
 188   1              delay(150);             //Delay 120ms
 189   1      
 190   1              SPI_WF18F_WrCmd(0x3A);    //05: 65K (16 bit) 06: 262K (8 bit)
 191   1              SPI_WF18F_WriteData(0x05);
 192   1      
 193   1              SPI_WF18F_WrCmd(0x36);
 194   1              SPI_WF18F_WriteData(0x08);
 195   1      
 196   1              //ST7735S Frame rate setting
 197   1              SPI_WF18F_WrCmd(0xB1); //Frame Rate Control (In normal mode/ Full colors)
 198   1              SPI_WF18F_WriteData(0x05);
 199   1              SPI_WF18F_WriteData(0x3A);
 200   1              SPI_WF18F_WriteData(0x3A);
 201   1      
 202   1              SPI_WF18F_WrCmd(0xB2); //Frame Rate Control (In Idle mode/ 8-colors)
 203   1              SPI_WF18F_WriteData(0x05);
 204   1              SPI_WF18F_WriteData(0x3A);
 205   1              SPI_WF18F_WriteData(0x3A);
 206   1      
 207   1              SPI_WF18F_WrCmd(0xB3); //Frame Rate Control (In Partial mode/ full colors)
 208   1              SPI_WF18F_WriteData(0x05);
 209   1              SPI_WF18F_WriteData(0x3A);
 210   1              SPI_WF18F_WriteData(0x3A);
 211   1              SPI_WF18F_WriteData(0x05);
 212   1              SPI_WF18F_WriteData(0x3A);
 213   1              SPI_WF18F_WriteData(0x3A);
 214   1      
 215   1              SPI_WF18F_WrCmd(0xB4); //Dot Inversion
 216   1              SPI_WF18F_WriteData(0x03);
 217   1      
 218   1              //ST7735S Power setting
 219   1              SPI_WF18F_WrCmd(0xC0);    //Power Control 1
 220   1              SPI_WF18F_WriteData(0x62);
 221   1              SPI_WF18F_WriteData(0x02);
 222   1              SPI_WF18F_WriteData(0x04);
 223   1      
 224   1              SPI_WF18F_WrCmd(0xC1);    //Power Control 2
 225   1              SPI_WF18F_WriteData(0xC0);
 226   1      
 227   1              SPI_WF18F_WrCmd(0xC2);    //Power Control 3 (in Normal mode/ Full colors)
 228   1              SPI_WF18F_WriteData(0x0D);
 229   1              SPI_WF18F_WriteData(0x00);
 230   1      
 231   1              SPI_WF18F_WrCmd(0xC3);    //Power Control 4 (in Idle mode/ 8-colors)
 232   1              SPI_WF18F_WriteData(0x8D);
 233   1              SPI_WF18F_WriteData(0x6A);
 234   1      
 235   1              SPI_WF18F_WrCmd(0xC4);    //Power Control 5 (in Partial mode/ full-colors)
 236   1              SPI_WF18F_WriteData(0x8D);
 237   1              SPI_WF18F_WriteData(0xEE);
 238   1      
 239   1              SPI_WF18F_WrCmd(0xC5);    //VCOM Control 1
 240   1              SPI_WF18F_WriteData(0x12);
C51 COMPILER V9.53.0.0   F30X_PORTS_SWITCHLED                                              07/05/2018 17:45:58 PAGE 5   

 241   1      
 242   1              //ST7735S Gamma Setting
 243   1              SPI_WF18F_WrCmd(0xE0); //Gamma (¡¥+¡Špolarity) Correction Characteristics Setting
 244   1              SPI_WF18F_WriteData(0x03);
 245   1              SPI_WF18F_WriteData(0x1B);
 246   1              SPI_WF18F_WriteData(0x12);
 247   1              SPI_WF18F_WriteData(0x11);
 248   1              SPI_WF18F_WriteData(0x3F);
 249   1              SPI_WF18F_WriteData(0x3A);
 250   1              SPI_WF18F_WriteData(0x32);
 251   1              SPI_WF18F_WriteData(0x34);
 252   1              SPI_WF18F_WriteData(0x2F);
 253   1              SPI_WF18F_WriteData(0x2B);
 254   1              SPI_WF18F_WriteData(0x30);
 255   1              SPI_WF18F_WriteData(0x3A);
 256   1              SPI_WF18F_WriteData(0x00);
 257   1              SPI_WF18F_WriteData(0x01);
 258   1              SPI_WF18F_WriteData(0x02);
 259   1              SPI_WF18F_WriteData(0x05);
 260   1      
 261   1              SPI_WF18F_WrCmd(0xE1); //Gamma ¡¥-¡Špolarity Correction Characteristics Setting
 262   1              SPI_WF18F_WriteData(0x03);
 263   1              SPI_WF18F_WriteData(0x1B);
 264   1              SPI_WF18F_WriteData(0x12);
 265   1              SPI_WF18F_WriteData(0x11);
 266   1              SPI_WF18F_WriteData(0x32);
 267   1              SPI_WF18F_WriteData(0x2F);
 268   1              SPI_WF18F_WriteData(0x2A);
 269   1              SPI_WF18F_WriteData(0x2F);
 270   1              SPI_WF18F_WriteData(0x2E);
 271   1              SPI_WF18F_WriteData(0x2C);
 272   1              SPI_WF18F_WriteData(0x35);
 273   1              SPI_WF18F_WriteData(0x3F);
 274   1              SPI_WF18F_WriteData(0x00);
 275   1              SPI_WF18F_WriteData(0x00);
 276   1              SPI_WF18F_WriteData(0x01);
 277   1              SPI_WF18F_WriteData(0x05);
 278   1      
 279   1              SPI_WF18F_WrCmd(0xFC); //Enable Gate power save mode
 280   1              SPI_WF18F_WriteData(0x8C);
 281   1      
 282   1              SPI_WF18F_WrCmd(0x2A); //Column Address Set
 283   1              SPI_WF18F_WriteData(0x00);
 284   1              SPI_WF18F_WriteData(0x00);//02 : old FPC | 00 : New FPC
 285   1              SPI_WF18F_WriteData(0x00);//             |
 286   1              SPI_WF18F_WriteData(0x7F);//129 : old FPC| 128 : New FPC
 287   1      
 288   1              SPI_WF18F_WrCmd(0x2B); //Row Address Set
 289   1              SPI_WF18F_WriteData(0x00);
 290   1              SPI_WF18F_WriteData(0x00);//01 : Old  | 00 : New FPC
 291   1              SPI_WF18F_WriteData(0x00);//          |
 292   1              SPI_WF18F_WriteData(0x9F);//160 : Old | 159 : New FPC
 293   1      
 294   1              SPI_WF18F_WrCmd(0x29); //Display on
 295   1              SPI_WF18F_WrCmd(0x2C); //GRAM
 296   1      }
 297          
 298          
 299          
 300          
 301          
 302          
 303          //-----------------------------------------------------------------------------
C51 COMPILER V9.53.0.0   F30X_PORTS_SWITCHLED                                              07/05/2018 17:45:58 PAGE 6   

 304          // SiLabs_Startup() Routine
 305          // ----------------------------------------------------------------------------
 306          // This function is called immediately after reset, before the initialization
 307          // code is run in SILABS_STARTUP.A51 (which runs before main() ). This is a
 308          // useful place to disable the watchdog timer, which is enable by default
 309          // and may trigger before main() in some instances.
 310          //-----------------------------------------------------------------------------
 311          void SiLabs_Startup (void)
 312          {
 313   1         PCA0MD &= ~0x40;                    // WDTE = 0 (clear watchdog timer
 314   1      }
 315           
 316          //-----------------------------------------------------------------------------
 317          // main() Routine
 318          //-----------------------------------------------------------------------------
 319          
 320          void main (void)
 321          {
 322   1                                             // enable)
 323   1              SiLabs_Startup();
 324   1         PORT_Init();                        // Initialize Port I/O
 325   1         OSCILLATOR_Init ();                 // Initialize Oscillator
 326   1        
 327   1         ST7735S_WF18F();
 328   1      
 329   1      
 330   1      
 331   1         while (1)
 332   1         {
 333   2            if (SW1 == 0)                    // If switch depressed
 334   2            { 
 335   3               LED1 = 1;                     // Turn on LED
 336   3            }
 337   2                else   
 338   2            {  
 339   3               LED1 = 0;                     // Else, turn it off
 340   3            }                   
 341   2      
 342   2              FULL_ON_SPI(0xF800); //red
 343   2      
 344   2              FULL_ON_SPI(0x07E0); //green
 345   2      
 346   2              FULL_ON_SPI(0x003F); //blue
 347   2      
 348   2              FULL_ON_SPI(0x0000); //black
 349   2      
 350   2              FULL_ON_SPI(0xFFFF); //white
 351   2      
 352   2         }                                   // End of while(1)
 353   1      }                                      // End of main()
 354          
 355          //-----------------------------------------------------------------------------
 356          // Initialization Subroutines
 357          //-----------------------------------------------------------------------------
 358          
 359          //-----------------------------------------------------------------------------
 360          // OSCILLATOR_Init
 361          //-----------------------------------------------------------------------------
 362          //
 363          // Return Value : None
 364          // Parameters   : None
 365          //
 366          // This function initializes the system clock to use the internal oscillator
C51 COMPILER V9.53.0.0   F30X_PORTS_SWITCHLED                                              07/05/2018 17:45:58 PAGE 7   

 367          // at its maximum frequency.
 368          //
 369          //-----------------------------------------------------------------------------
 370          void OSCILLATOR_Init (void)
 371          {
 372   1         OSCICN |= 0x03;                     // Configure internal oscillator for
 373   1                                             // its maximum frequency (24.5 Mhz)
 374   1      }
 375          
 376          //-----------------------------------------------------------------------------
 377          // PORT_Init
 378          //-----------------------------------------------------------------------------
 379          //
 380          // Return Value : None
 381          // Parameters   : None
 382          //
 383          // This function configures the crossbar and port pins.
 384          // 
 385          // To configure a pin as a digital input, the pin is configured as digital
 386          // and open-drain and the port latch should be set to a '1'.  The weak-pullups
 387          // are used to pull the pins high.  Pressing the switch pulls the pins low.
 388          //
 389          // To configure a pin as a digital output, the pin is configured as digital
 390          // and push-pull.  
 391          //
 392          // An output pin can also be configured to be an open-drain output if system
 393          // requires it.  For example, if the pin is an output on a multi-device bus,
 394          // it will probably be configured as an open-drain output instead of a 
 395          // push-pull output.  For the purposes of this example, the pin is configured
 396          // as push-pull output because the pin in only connected to an LED.
 397          //
 398          // P0.2   digital   push-pull     LED1
 399          // P0.3   digital   open-drain    Switch 1
 400          //-----------------------------------------------------------------------------
 401          void PORT_Init (void)
 402          {
 403   1         P0MDIN |= 0x0C;                     // P0.2 and P03. are digital
 404   1      
 405   1         P0MDOUT = 0xC7;                     // P0.3 is open-drain; P0.0, P0.1, P0.2, P0.6 y P0.7 are push-pull
 406   1      
 407   1         P0     |= 0x08;                     // Set P0.3 latch to '1'
 408   1      
 409   1         XBR2    = 0x40;                     // Enable crossbar and enable
 410   1                                             // weak pull-ups
 411   1      }
 412          
 413          //-----------------------------------------------------------------------------
 414          // End Of File
 415          //-----------------------------------------------------------------------------


MODULE INFORMATION:   STATIC OVERLAYABLE
   CODE SIZE        =    769    ----
   CONSTANT SIZE    =   ----    ----
   XDATA SIZE       =   ----    ----
   PDATA SIZE       =   ----    ----
   DATA SIZE        =      2       7
   IDATA SIZE       =   ----    ----
   BIT SIZE         =   ----    ----
   EDATA SIZE       =   ----    ----
   HDATA SIZE       =   ----    ----
   XDATA CONST SIZE =   ----    ----
   FAR CONST SIZE   =   ----    ----
C51 COMPILER V9.53.0.0   F30X_PORTS_SWITCHLED                                              07/05/2018 17:45:58 PAGE 8   

END OF MODULE INFORMATION.


C51 COMPILATION COMPLETE.  0 WARNING(S),  0 ERROR(S)
