C51 COMPILER V9.53.0.0   INIT                                                              09/07/2018 15:17:57 PAGE 1   


C51 COMPILER V9.53.0.0, COMPILATION OF MODULE INIT
OBJECT MODULE PLACED IN .\src/init.OBJ
COMPILER INVOKED BY: Z:\home\gabriel\Descargas\SimplicityStudio_v4\developer\toolchains\keil_8051\9.53\BIN\C51.exe /root
                    -/SimplicityStudio/v4_workspace/F30x_Blinky_c/src/init.c OMF2 SMALL DEBUG OBJECTEXTEND ROM(LARGE) WARNINGLEVEL(2) FLOATFU
                    -ZZY(3) OPTIMIZE(8,SPEED) DEFINE(DEBUG=1) INTVECTOR(0X0000) INTPROMOTE INCDIR(/home/gabriel/Descargas/SimplicityStudio_v4
                    -/developer/sdks/8051/v4.1.2//Device/shared/si8051base;/home/gabriel/Descargas/SimplicityStudio_v4/developer/sdks/8051/v4
                    -.1.2//Device/C8051F300/inc;/root/SimplicityStudio/v4_workspace/F30x_Blinky_c/inc) PRINT(.\src/init.lst) COND PAGEWIDTH(1
                    -20) PAGELENGTH(65) OBJECT(.\src/init.OBJ)

line level    source

   1          /*
   2           * init.c
   3           *
   4           *  Created on: 7 de set. de 2018
   5           *      Author: root
   6           */
   7          #include "SI_C8051F300_Register_Enums.h"
   8          #include "init.h"
   9          
  10          //-----------------------------------------------------------------------------
  11          // SiLabs_Startup() Routine
  12          // ----------------------------------------------------------------------------
  13          // This function is called immediately after reset, before the initialization
  14          // code is run in SILABS_STARTUP.A51 (which runs before main() ). This is a
  15          // useful place to disable the watchdog timer, which is enable by default
  16          // and may trigger before main() in some instances.
  17          //-----------------------------------------------------------------------------
  18          void SiLabs_Startup (void)
  19          {
  20   1         PCA0MD &= ~0x40;                             // WDTE = 0 (clear watchdog timer
  21   1      }
  22          
  23          //-----------------------------------------------------------------------------
  24          // SYSCLK_Init
  25          //-----------------------------------------------------------------------------
  26          //
  27          // This routine initializes the system clock to use the internal 24.5MHz / 8
  28          // oscillator as its clock source.  Also enables missing clock detector reset.
  29          //
  30          void SYSCLK_Init (void)
  31          {
  32   1         OSCICN = 0x04;                         // configure internal oscillator for
  33   1                                                // its lowest frequency
  34   1         RSTSRC = 0x04;                         // enable missing clock detector
  35   1      }
  36          
  37          //-----------------------------------------------------------------------------
  38          // PORT_Init
  39          //-----------------------------------------------------------------------------
  40          //
  41          // Configure the Crossbar and GPIO ports.
  42          // P0.2 - LED (push-pull)
  43          
  44          void PORT_Init (void)
  45          {
  46   1         XBR0     = 0x04;                       // skip P0.2 (LED) in crossbar pin
  47   1                                                // assignments
  48   1         XBR1     = 0x00;                       // no digital peripherals selected
  49   1         XBR2     = 0x40;                       // Enable crossbar and weak pull-ups
  50   1         P0MDOUT |= 0xF7;                       // enable LED as a push-pull output in P0.2 y P0.0, P0.1, P0.4, 
             -P0.5, P0.6 y P0.7 todas push pull
C51 COMPILER V9.53.0.0   INIT                                                              09/07/2018 15:17:57 PAGE 2   

  51   1      }
  52          
  53          //-----------------------------------------------------------------------------
  54          // Timer2_Init
  55          //-----------------------------------------------------------------------------
  56          //
  57          // Configure Timer2 to 16-bit auto-reload and generate an interrupt at
  58          // interval specified by <counts> using SYSCLK/12 as its time base.
  59          //
  60          void Timer2_Init (S16 counts)
  61          {
  62   1         TMR2CN  = 0x00;                        // Stop Timer2; Clear TF2;
  63   1                                                // use SYSCLK/12 as timebase
  64   1         CKCON  &= ~(CKCON_T2MH__BMASK |
  65   1                     CKCON_T2ML__BMASK );       // Timer2 clocked based on TMR2CN_T2XCLK
  66   1      
  67   1         TMR2RL  = -counts;                     // Init reload values
  68   1         TMR2    = 0xffff;                      // set to reload immediately
  69   1         IE_ET2  = 1;                           // enable Timer2 interrupts
  70   1         TMR2CN_TR2 = 1;                        // start Timer2
  71   1      }


MODULE INFORMATION:   STATIC OVERLAYABLE
   CODE SIZE        =     50    ----
   CONSTANT SIZE    =   ----    ----
   XDATA SIZE       =   ----    ----
   PDATA SIZE       =   ----    ----
   DATA SIZE        =   ----    ----
   IDATA SIZE       =   ----    ----
   BIT SIZE         =   ----    ----
   EDATA SIZE       =   ----    ----
   HDATA SIZE       =   ----    ----
   XDATA CONST SIZE =   ----    ----
   FAR CONST SIZE   =   ----    ----
END OF MODULE INFORMATION.


C51 COMPILATION COMPLETE.  0 WARNING(S),  0 ERROR(S)
