C51 COMPILER V9.53.0.0   WEA012864                                                         09/07/2018 15:13:04 PAGE 1   


C51 COMPILER V9.53.0.0, COMPILATION OF MODULE WEA012864
OBJECT MODULE PLACED IN .\src/wea012864.OBJ
COMPILER INVOKED BY: Z:\home\gabriel\Descargas\SimplicityStudio_v4\developer\toolchains\keil_8051\9.53\BIN\C51.exe /root
                    -/SimplicityStudio/v4_workspace/F30x_Blinky_c/src/wea012864.c OMF2 SMALL DEBUG OBJECTEXTEND ROM(LARGE) WARNINGLEVEL(2) FL
                    -OATFUZZY(3) OPTIMIZE(8,SPEED) DEFINE(DEBUG=1) INTVECTOR(0X0000) INTPROMOTE INCDIR(/home/gabriel/Descargas/SimplicityStud
                    -io_v4/developer/sdks/8051/v4.1.2//Device/shared/si8051base;/home/gabriel/Descargas/SimplicityStudio_v4/developer/sdks/80
                    -51/v4.1.2//Device/C8051F300/inc;/root/SimplicityStudio/v4_workspace/F30x_Blinky_c/inc) PRINT(.\src/wea012864.lst) COND P
                    -AGEWIDTH(120) PAGELENGTH(65) OBJECT(.\src/wea012864.OBJ)

line level    source

   1          /*
   2           * wea012864.c
   3           *
   4           *  Created on: 7 de set. de 2018
   5           *      Author: root
   6           */
   7          
   8          #include "wea012864.h"
   9          
  10          unsigned char code ascii_table[][5]={
  11                  0xFF,0xFF,0xFF,0xFF,0xFF,               // ASCII 00: all pixel
  12                  0x00,0x00,0x00,0x00,0x00,               // ASCII 01:
  13                  0x00,0x00,0x00,0x00,0x00,               // ASCII 02:
  14                  0x00,0x00,0x00,0x00,0x00,               // ASCII 03:
  15                  0x00,0x00,0x00,0x00,0x00,               // ASCII 04:
  16                  0x00,0x00,0x00,0x00,0x00,               // ASCII 05:
  17                  0x00,0x00,0x00,0x00,0x00,               // ASCII 06:
  18                  0x00,0x00,0x00,0x00,0x00,               // ASCII 07:
  19                  0x00,0x00,0x00,0x00,0x00,               // ASCII 08:
  20                  0x00,0x00,0x00,0x00,0x00,               // ASCII 09:
  21                  0x00,0x00,0x00,0x00,0x00,               // ASCII 0a:
  22                  0x00,0x00,0x00,0x00,0x00,               // ASCII 0b:
  23                  0x00,0x00,0x00,0x00,0x00,               // ASCII 0c:
  24                  0x00,0x00,0x00,0x00,0x00,               // ASCII 0d:
  25                  0x00,0x00,0x00,0x00,0x00,               // ASCII 0e:
  26                  0x00,0x00,0x00,0x00,0x00,               // ASCII 0f:
  27                  0x00,0x00,0x00,0x00,0x00,               // ASCII 10:
  28                  0x00,0x00,0x00,0x00,0x00,               // ASCII 11:
  29                  0x00,0x00,0x00,0x00,0x00,               // ASCII 12:
  30                  0x00,0x00,0x00,0x00,0x00,               // ASCII 13:
  31                  0x00,0x00,0x00,0x00,0x00,               // ASCII 14:
  32                  0x00,0x00,0x00,0x00,0x00,               // ASCII 15:
  33                  0x00,0x00,0x00,0x00,0x00,               // ASCII 16:
  34                  0x00,0x00,0x00,0x00,0x00,               // ASCII 17:
  35                  0x00,0x00,0x00,0x00,0x00,               // ASCII 18:
  36                  0x00,0x00,0x00,0x00,0x00,               // ASCII 19:
  37                  0x00,0x00,0x00,0x00,0x00,               // ASCII 1a:
  38                  0x00,0x00,0x00,0x00,0x00,               // ASCII 1b:
  39                  0x00,0x00,0x00,0x00,0x00,               // ASCII 1c:
  40                  0x00,0x00,0x00,0x00,0x00,               // ASCII 1d:
  41                  0x00,0x00,0x00,0x00,0x00,               // ASCII 1e:
  42                  0x00,0x00,0x00,0x00,0x00,               // ASCII 1f:
  43                  0x00,0x00,0x00,0x00,0x00,               // ASCII 20: SP (Space)
  44                  0x00,0x00,0x5f,0x00,0x00,               // ASCII 21: !
  45                  0x00,0x07,0x00,0x07,0x00,               // ASCII 22: "
  46                  0x14,0x7f,0x14,0x7f,0x14,               // ASCII 23: #
  47                  0x24,0x2a,0x7f,0x2a,0x12,               // ASCII 24: $
  48                  0x23,0x13,0x08,0x64,0x62,               // ASCII 25: %
  49                  0x36,0x49,0x55,0x22,0x50,               // ASCII 26: &
  50                  0x00,0x05,0x03,0x00,0x00,               // ASCII 27: '
  51                  0x00,0x1c,0x22,0x41,0x00,               // ASCII 28: (
C51 COMPILER V9.53.0.0   WEA012864                                                         09/07/2018 15:13:04 PAGE 2   

  52                  0x00,0x41,0x22,0x1c,0x00,               // ASCII 29: )
  53                  0x14,0x08,0x3e,0x08,0x14,               // ASCII 2a: *
  54                  0x08,0x08,0x3e,0x08,0x08,               // ASCII 2b: +
  55                  0x00,0x50,0x30,0x00,0x00,               // ASCII 2c: ,
  56                  0x08,0x08,0x08,0x08,0x08,               // ASCII 2d: -
  57                  0x00,0x60,0x60,0x00,0x00,               // ASCII 2e: .
  58                  0x20,0x10,0x08,0x04,0x02,               // ASCII 2f: /
  59                  0x3e,0x51,0x49,0x45,0x3e,               // ASCII 30: 0
  60                  0x00,0x42,0x7f,0x40,0x00,               // ASCII 31: 1
  61                  0x42,0x61,0x51,0x49,0x46,               // ASCII 32: 2
  62                  0x21,0x41,0x45,0x4b,0x31,               // ASCII 33: 3
  63                  0x18,0x14,0x12,0x7f,0x10,               // ASCII 34: 4
  64                  0x27,0x45,0x45,0x45,0x39,               // ASCII 35: 5
  65                  0x3c,0x4a,0x49,0x49,0x30,               // ASCII 36: 6
  66                  0x01,0x71,0x09,0x05,0x03,               // ASCII 37: 7
  67                  0x36,0x49,0x49,0x49,0x36,               // ASCII 38: 8
  68                  0x06,0x49,0x49,0x29,0x1e,               // ASCII 39: 9
  69                  0x00,0x36,0x36,0x00,0x00,               // ASCII 3a: :
  70                  0x00,0x56,0x36,0x00,0x00,               // ASCII 3b: ;
  71                  0x08,0x14,0x22,0x41,0x00,               // ASCII 3c: <
  72                  0x14,0x14,0x14,0x14,0x14,               // ASCII 3d: =
  73                  0x00,0x41,0x22,0x14,0x08,               // ASCII 3e: >
  74                  0x02,0x01,0x51,0x09,0x06,               // ASCII 3f: ?
  75                  0x32,0x49,0x79,0x41,0x3e,               // ASCII 40: @
  76                  0x7e,0x11,0x11,0x11,0x7e,               // ASCII 41: A
  77                  0x7f,0x49,0x49,0x49,0x36,               // ASCII 42: B
  78                  0x3e,0x41,0x41,0x41,0x22,               // ASCII 43: C
  79                  0x7f,0x41,0x41,0x22,0x1c,               // ASCII 44: D
  80                  0x7f,0x49,0x49,0x49,0x41,               // ASCII 45: E
  81                  0x7f,0x09,0x09,0x09,0x01,               // ASCII 46: F
  82                  0x3e,0x41,0x49,0x49,0x7a,               // ASCII 47: G
  83                  0x7f,0x08,0x08,0x08,0x7f,               // ASCII 48: H
  84                  0x00,0x41,0x7f,0x41,0x00,               // ASCII 49: I
  85                  0x20,0x40,0x41,0x3f,0x01,               // ASCII 4a: J
  86                  0x7f,0x08,0x14,0x22,0x41,               // ASCII 4b: K
  87                  0x7f,0x40,0x40,0x40,0x40,               // ASCII 4c: L
  88                  0x7f,0x02,0x0c,0x02,0x7f,               // ASCII 4d: M
  89                  0x7f,0x04,0x08,0x10,0x7f,               // ASCII 4e: N
  90                  0x3e,0x41,0x41,0x41,0x3e,               // ASCII 4f: O
  91                  0x7f,0x09,0x09,0x09,0x06,               // ASCII 50: P
  92                  0x3e,0x41,0x51,0x21,0x5e,               // ASCII 51: Q
  93                  0x7f,0x09,0x19,0x29,0x46,               // ASCII 52: R
  94                  0x46,0x49,0x49,0x49,0x31,               // ASCII 53: S
  95                  0x01,0x01,0x7f,0x01,0x01,               // ASCII 54: T
  96                  0x3f,0x40,0x40,0x40,0x3f,               // ASCII 55: U
  97                  0x1f,0x20,0x40,0x20,0x1f,               // ASCII 56: V
  98                  0x3f,0x40,0x38,0x40,0x3f,               // ASCII 57: W
  99                  0x63,0x14,0x08,0x14,0x63,               // ASCII 58: X
 100                  0x07,0x08,0x70,0x08,0x07,               // ASCII 59: Y
 101                  0x61,0x51,0x49,0x45,0x43,               // ASCII 5a: Z
 102                  0x00,0x7f,0x41,0x41,0x00,               // ASCII 5b: [
 103                  0x02,0x04,0x08,0x10,0x20,               // ASCII 5c: ¥
 104                  0x00,0x41,0x41,0x7f,0x00,               // ASCII 5d: ]
 105                  0x04,0x02,0x01,0x02,0x04,               // ASCII 5e: ^
 106                  0x40,0x40,0x40,0x40,0x40,               // ASCII 5f: _
 107                  0x00,0x01,0x02,0x04,0x00,               // ASCII 60: `
 108                  0x20,0x54,0x54,0x54,0x78,               // ASCII 61: a
 109                  0x7f,0x48,0x44,0x44,0x38,               // ASCII 62: b
 110                  0x38,0x44,0x44,0x44,0x20,               // ASCII 63: c
 111                  0x38,0x44,0x44,0x48,0x7f,               // ASCII 64: d
 112                  0x38,0x54,0x54,0x54,0x18,               // ASCII 65: e
 113                  0x08,0x7e,0x09,0x01,0x02,               // ASCII 66: f
 114                  0x0c,0x52,0x52,0x52,0x3e,               // ASCII 67: g
C51 COMPILER V9.53.0.0   WEA012864                                                         09/07/2018 15:13:04 PAGE 3   

 115                  0x7f,0x08,0x04,0x04,0x78,               // ASCII 68: h
 116                  0x00,0x44,0x7d,0x40,0x00,               // ASCII 69: i
 117                  0x20,0x40,0x44,0x3d,0x00,               // ASCII 6a: j
 118                  0x7f,0x10,0x28,0x44,0x00,               // ASCII 6b: k
 119                  0x00,0x41,0x7f,0x40,0x00,               // ASCII 6c: l
 120                  0x7c,0x04,0x18,0x04,0x78,               // ASCII 6d: m
 121                  0x7c,0x08,0x04,0x04,0x78,               // ASCII 6e: n
 122                  0x38,0x44,0x44,0x44,0x38,               // ASCII 6f: o
 123                  0x7c,0x14,0x14,0x14,0x08,               // ASCII 70: p
 124                  0x08,0x14,0x14,0x18,0x7c,               // ASCII 71: q
 125                  0x7c,0x08,0x04,0x04,0x08,               // ASCII 72: r
 126                  0x48,0x54,0x54,0x54,0x20,               // ASCII 73: s
 127                  0x04,0x3f,0x44,0x40,0x20,               // ASCII 74: t
 128                  0x3c,0x40,0x40,0x20,0x7c,               // ASCII 75: u
 129                  0x1c,0x20,0x40,0x20,0x1c,               // ASCII 76: v
 130                  0x3c,0x40,0x30,0x40,0x3c,               // ASCII 77: w
 131                  0x44,0x28,0x10,0x28,0x44,               // ASCII 78: x
 132                  0x0c,0x50,0x50,0x50,0x3c,               // ASCII 79: y
 133                  0x44,0x64,0x54,0x4c,0x44,               // ASCII 7a: z
 134                  0x00,0x08,0x36,0x41,0x00,               // ASCII 7b: {
 135                  0x00,0x00,0x7f,0x00,0x00,               // ASCII 7c: |
 136                  0x00,0x41,0x36,0x08,0x00,               // ASCII 7d: }
 137                  0x10,0x08,0x08,0x10,0x08,               // ASCII 7e: ->
 138                  0x78,0x46,0x41,0x46,0x78                // ASCII 7f: <-
 139          };
 140          
 141          
 142          
 143          //==============================================================
 144          //      initial SSD1306BZ
 145          //==============================================================
 146          void Initial_SSD1306BZ()
 147          {
 148   1              DC = 0;
 149   1          Write_command(0xAE);                        // Display Off
 150   1      
 151   1              Write_command(0xD5);                    // SET DISPLAY CLOCK
 152   1          Write_command(0x80);                        // 105HZ
 153   1      
 154   1          Write_command(0xA8);                        // Select Multiplex Ratio
 155   1          Write_command(Duty);                        // Default => 0~0x3F (1/64 Duty)
 156   1      
 157   1              Write_command(0xD3);                    // Setting Display Offset
 158   1          Write_command(0x00);                        // 00H Reset,  set common start
 159   1      
 160   1              Write_command(0x40);                    // Set Display Start Line
 161   1      
 162   1              Write_command(0x8D);                    // Set Charge Pump
 163   1              Write_command(0x14);                    // Endable Charge Pump
 164   1      
 165   1              Write_command(0xA1);                    // Set Segment Re-Map Default
 166   1                                                                              // 0xA0 (0x00) => column Address 0 mapped to 127
 167   1                                              // 0xA1 (0x01) => Column Address 127 mapped to 0
 168   1      
 169   1              Write_command(0xAD);                    // Set Charge Pump
 170   1              Write_command(0x30);                    // Endable Charge Pump
 171   1      
 172   1              Write_command(0xC8);                    // Set COM Output Scan Direction
 173   1                                                                              // 0xC0 (0x00) => normal mode (RESET) Scan from COM0 to COM[N-1];Where N is the Multiplex ratio.
 174   1                                                                              // 0xC8 (0xC8) => remapped mode. Scan from COM[N-1] to COM0;;Where N is the Multiplex ratio.
 175   1      
 176   1              Write_command(0xDA);                    // Set COM Hardware Configuration
 177   1          Write_command(0x12);                        // Alternative COM Pin---See IC Spec page 34
C51 COMPILER V9.53.0.0   WEA012864                                                         09/07/2018 15:13:04 PAGE 4   

 178   1                                                                              //(0x02)=> A4=0;Sequential COM pin configuration;A5=0;Disable COM Left/Right remap
 179   1      
 180   1              Write_command(0x81);                    // Set Contrast Control
 181   1              Write_command(Contrast_volue);
 182   1      
 183   1              Write_command(0xD9);                    // Set Pre-Charge period
 184   1          Write_command(0x22);
 185   1      
 186   1              Write_command(0xDB);                    // Set Deselect Vcomh level
 187   1          Write_command(0x30);
 188   1      
 189   1          Write_command(0xA4);                        // Entire Display ON
 190   1      
 191   1              Write_command(0xA6);                    // Set Normal Display
 192   1          Write_command(0xAF);                        // Display ON
 193   1      }
 194          
 195          //-------------------------------------------------
 196          //          Write_byte
 197          //-------------------------------------------------
 198          // Escribe un byte en el display
 199          void Write_byte(unsigned char dat)
 200          {
 201   1              unsigned char i;
 202   1          for(i=0;i<8;i++){
 203   2              SCL=0;
 204   2                      if((dat<<i)&0x80){
 205   3                        SDA=1;
 206   3                      }else{
 207   3                        SDA=0;
 208   3                      }
 209   2                      SCL=1;
 210   2                      SCL=0;
 211   2          }
 212   1          SDA=1;
 213   1          SCL=1;
 214   1          while(1==SDA){}
 215   1          SCL=0;
 216   1      }
 217          
 218          //-------------------------------------------------
 219          //          Write Data Function
 220          //-------------------------------------------------
 221          // Escribe datos en el display
 222          void Write_data(unsigned char datap){
 223   1              unsigned char bMask;
 224   1      
 225   1              CS = 0;
 226   1              DC = 1;
 227   1      
 228   1              for(bMask = 0x80; bMask; bMask >>= 1){
 229   2                      SCL = 0;
 230   2                      SDA = bMask & datap;
 231   2                      SCL = 1;
 232   2              }
 233   1              CS = 1;
 234   1      
 235   1              CS1 = 0;
 236   1              DC = 1;
 237   1      
 238   1              for(bMask = 0x80; bMask; bMask >>= 1){
 239   2                      SCL = 0;
 240   2                      SDA = bMask & datap;
C51 COMPILER V9.53.0.0   WEA012864                                                         09/07/2018 15:13:04 PAGE 5   

 241   2                      SCL = 1;
 242   2              }
 243   1              CS1 = 1;
 244   1      
 245   1              CS0 = 0;
 246   1              DC = 1;
 247   1      
 248   1              for(bMask = 0x80; bMask; bMask >>= 1){
 249   2                      SCL = 0;
 250   2                      SDA = bMask & datap;
 251   2                      SCL = 1;
 252   2              }
 253   1              CS0 = 1;
 254   1      }
 255          //-------------------------------------------------
 256          //     WRITE_COMMAND
 257          //-------------------------------------------------
 258          // Escribe comandos en el display
 259          void Write_command(unsigned char command){
 260   1                      unsigned char bMask;
 261   1                  CS = 0;
 262   1                      DC = 0;
 263   1      
 264   1              for (bMask = 0x80; bMask; bMask >>= 1)
 265   1              {
 266   2                  SCL = 0;
 267   2                              SDA = bMask & command;
 268   2                      SCL = 1;
 269   2                  }
 270   1                      CS = 1;
 271   1      
 272   1                  CS1 = 0;
 273   1                      DC = 0;
 274   1      
 275   1              for (bMask = 0x80; bMask; bMask >>= 1)
 276   1              {
 277   2                  SCL = 0;
 278   2                              SDA = bMask & command;
 279   2                      SCL = 1;
 280   2                  }
 281   1                      CS1 = 1;
 282   1      
 283   1                  CS0 = 0;
 284   1                      DC = 0;
 285   1      
 286   1              for (bMask = 0x80; bMask; bMask >>= 1)
 287   1              {
 288   2                  SCL = 0;
 289   2                              SDA = bMask & command;
 290   2                      SCL = 1;
 291   2                  }
 292   1                      CS0 = 1;
 293   1      }
 294          
 295          //-------------------------------------------------
 296          //     show_pic
 297          //-------------------------------------------------
 298          // Muestra imagen en dislay
 299          void show_pic(unsigned char code *p)
 300          {
 301   1              unsigned char  x,y,Z=0xB0;
 302   1              for(x = 0;x<(Row/8);x++)
 303   1              {
C51 COMPILER V9.53.0.0   WEA012864                                                         09/07/2018 15:13:04 PAGE 6   

 304   2                      Write_command(Z);
 305   2                      Z++;
 306   2                      Write_command(segment%16);              // Set Lower Column Start Address
 307   2                      Write_command(0x10+segment/16);         // Set Higher Column Start Address
 308   2                      for(y = 0;y<Column;y++)
 309   2                      {
 310   3                              Write_data(*p++);
 311   3                      }
 312   2              }
 313   1      }
 314          
 315          //-------------------------------------------------
 316          //     clean
 317          //-------------------------------------------------
 318          // Borra pantalla
 319          void clean(void)
 320          {
 321   1              int u,v=0;
 322   1              unsigned char Z=0xB0;
 323   1              for(u=0;u<8;u++)
 324   1              {
 325   2                      Write_command(Z);
 326   2                      Z++;
 327   2                      Write_command(0x10);
 328   2                      Write_command(0x00);
 329   2      
 330   2                      for(v = 0;v<128;v++)
 331   2                      {
 332   3                              Write_data(0x00);
 333   3                      }
 334   2              }
 335   1      }
 336          
 337          //-------------------------------------------------
 338          //   write_Word
 339          //-------------------------------------------------
 340          // Escribe String
 341          void write_Word(const char *string)
 342          {
 343   1              Write_command(0xB4);
 344   1              Write_command(0x10);
 345   1              Write_command(0x0A);
 346   1              while(*string!=0)
 347   1              {
 348   2                      unsigned char w=0;
 349   2                      while(w<5)
 350   2                      {
 351   3                              Write_data(ascii_table[*string][w++]);
 352   3                      }
 353   2                      Write_data(0x00);
 354   2                      string=string+1;
 355   2              }
 356   1      }
 357          
 358          unsigned char code picture4[8][128] ={
 359                  0XFF,0X00,0XFF,0XFF,0XFF,0X03,0X03,0XC3,0X0F,0X3F,0X3F,0X0F,0XC3,0X03,0X03,0XFF,
 360                  0X03,0X03,0XBB,0XBB,0XBB,0XFB,0XFF,0X03,0X03,0XC3,0X0F,0X3F,0X03,0X03,0XFF,0X03,
 361                  0X03,0XFF,0XFF,0XFF,0XFF,0X03,0X03,0XFF,0XFF,0XFF,0XFF,0XFF,0XFF,0XFF,0X7F,0XBF,
 362                  0X5F,0X2F,0X17,0X0B,0X05,0X02,0X01,0X00,0X00,0X00,0X00,0X00,0XC0,0XC0,0X40,0X40,
 363                  0X40,0X40,0X00,0X00,0X00,0X00,0X00,0X00,0X00,0X00,0X00,0X00,0X00,0X00,0X00,0X00,
 364                  0X00,0X00,0X00,0X00,0X00,0X00,0X00,0X00,0X00,0X00,0X00,0X00,0X00,0X00,0X00,0X00,
 365                  0X00,0X00,0X00,0X00,0X00,0X00,0X00,0X00,0X00,0X00,0X00,0X00,0X00,0X00,0X00,0X00,
 366                  0X00,0X00,0X00,0X00,0X00,0X00,0X00,0X00,0X00,0X00,0X00,0X00,0X00,0X00,0X00,0X00,
C51 COMPILER V9.53.0.0   WEA012864                                                         09/07/2018 15:13:04 PAGE 7   

 367                  0X1F,0X00,0X1F,0X1F,0X1F,0X18,0X18,0X1F,0X1F,0X1C,0X1C,0X1F,0X1F,0X18,0X18,0X1F,
 368                  0X18,0X18,0X1B,0X1B,0X1B,0X1B,0X1F,0X18,0X18,0X1F,0X1F,0X1C,0X18,0X18,0X1F,0X1E,
 369                  0X1C,0X19,0X1B,0X1B,0X19,0X1C,0X1E,0X1F,0X1F,0X0F,0X17,0X0B,0X05,0X02,0X01,0X00,
 370                  0X00,0X00,0X00,0X00,0X00,0X00,0X00,0X00,0X00,0X00,0X00,0X00,0X3F,0X3F,0X22,0X22,
 371                  0X22,0X22,0X00,0X22,0X27,0X25,0X3D,0X19,0X00,0X7F,0X7F,0X21,0X3F,0X1E,0X00,0X3C,
 372                  0X3F,0X03,0X01,0X01,0X00,0X1E,0X3F,0X29,0X29,0X2E,0X00,0X22,0X27,0X25,0X3D,0X19,
 373                  0X00,0X22,0X27,0X25,0X3D,0X19,0X00,0X1E,0X3F,0X21,0X3F,0X1E,0X00,0X00,0X00,0X00,
 374                  0X00,0X00,0X00,0X00,0X00,0X00,0X00,0X00,0X00,0X00,0X00,0X00,0X00,0X00,0X00,0X00,
 375                  0X00,0X00,0X00,0X00,0X00,0X00,0X00,0X00,0X00,0X00,0X00,0XC0,0XE0,0X00,0X00,0XF8,
 376                  0XDC,0X80,0X00,0X00,0X00,0X00,0X00,0X00,0X00,0X00,0X00,0X00,0X00,0X00,0X00,0X00,
 377                  0X00,0X00,0X00,0X00,0X00,0X00,0X00,0X00,0X00,0X00,0X00,0X00,0X00,0X40,0X40,0X40,
 378                  0X40,0X40,0X48,0X58,0XF0,0XE0,0XE0,0X40,0X00,0X00,0X00,0XF0,0XF8,0X0C,0X04,0X04,
 379                  0X04,0X00,0X80,0XD0,0X50,0X50,0XF0,0XE0,0X00,0XF0,0XF0,0X10,0XF0,0XE0,0X00,0XF0,
 380                  0XF0,0X10,0XF0,0XE0,0X00,0XF0,0XF0,0X00,0X00,0XF0,0XF0,0X00,0XE0,0XF0,0X10,0X10,
 381                  0X10,0X00,0XE0,0XF0,0X10,0X10,0X10,0X00,0XF4,0XF4,0X00,0XF0,0XF0,0X10,0X10,0XF0,
 382                  0XE0,0X00,0XE0,0XF0,0X10,0XF0,0XE0,0X00,0X00,0X00,0X00,0X00,0X00,0X00,0X00,0X00,
 383                  0X00,0X00,0X00,0X00,0X00,0X00,0X00,0X00,0X00,0X00,0X00,0X03,0X36,0X1E,0X00,0X00,
 384                  0X0D,0X03,0X00,0X00,0X00,0X00,0X00,0X00,0X00,0X00,0X00,0X00,0X00,0X00,0X00,0X00,
 385                  0X00,0X00,0X00,0X00,0X00,0X00,0X00,0X00,0X00,0X00,0X00,0X00,0X00,0X00,0X00,0X00,
 386                  0X00,0X00,0X02,0X03,0X01,0X00,0X00,0X00,0X00,0X00,0X00,0X00,0XC1,0XC3,0X03,0X02,
 387                  0X02,0X00,0X01,0X03,0X02,0X02,0X03,0X03,0X00,0X07,0XC7,0XC2,0X03,0X01,0XC0,0XC7,
 388                  0X07,0X02,0X03,0X01,0X00,0X01,0X03,0X02,0X02,0X03,0X03,0X00,0X01,0X03,0X02,0X02,
 389                  0X02,0X00,0X01,0X03,0X02,0X02,0X02,0X00,0X03,0X03,0X00,0X03,0X03,0X00,0X00,0X03,
 390                  0X03,0X00,0X01,0X03,0X02,0X03,0X01,0X00,0X00,0X00,0X00,0X00,0X00,0X00,0X00,0X00,
 391                  0X00,0X00,0X00,0X00,0X00,0X00,0X07,0X3F,0XFF,0XFF,0XFF,0XFF,0XFF,0XFF,0XFF,0XFF,
 392                  0XFF,0XFF,0XFF,0XFF,0XFF,0XDF,0XC7,0X66,0X7E,0X00,0X00,0X00,0X00,0XC0,0XE0,0X98,
 393                  0XC8,0XA4,0XC3,0XA6,0X8C,0X90,0X90,0XE0,0XC0,0X00,0X00,0X00,0X00,0X00,0X00,0X00,
 394                  0X00,0X00,0X00,0X00,0X00,0X00,0X00,0X00,0X00,0X00,0X00,0X00,0X3F,0X3F,0X20,0X20,
 395                  0X20,0X00,0X18,0X3D,0X25,0X25,0X3F,0X3E,0X00,0X01,0X1F,0X3F,0X21,0X00,0X1F,0X3F,
 396                  0X21,0X00,0X1E,0X3F,0X29,0X29,0X2E,0X00,0X00,0X00,0X00,0X00,0X00,0X00,0X00,0X00,
 397                  0X00,0X00,0X00,0X00,0X00,0X00,0X00,0X00,0X00,0X00,0X38,0X74,0XEC,0XDC,0XB8,0X70,
 398                  0X00,0X38,0X74,0XEC,0XDC,0XB8,0X70,0X00,0X00,0X00,0X00,0X00,0X00,0X00,0X00,0X00,
 399                  0X00,0X00,0X00,0X00,0X00,0X08,0X08,0X08,0X08,0X09,0X0B,0X0B,0X0B,0X0B,0X0B,0X0B,
 400                  0X0B,0X0B,0X0B,0X09,0X08,0X08,0X08,0X08,0X08,0X00,0X00,0X00,0X00,0X7F,0XF8,0XF8,
 401                  0XF8,0XF8,0XF8,0XF8,0XF8,0XF8,0XF8,0XF8,0X7F,0X00,0X00,0X00,0X00,0X00,0X00,0X00,
 402                  0X00,0X00,0X00,0X00,0X00,0X00,0X00,0X00,0X00,0X00,0X00,0X00,0XFE,0XFE,0X0E,0X18,
 403                  0X30,0X18,0X0E,0XFE,0XFE,0X00,0XF0,0XF8,0X08,0XF8,0XF0,0X00,0XF0,0XF8,0X08,0X08,
 404                  0X08,0X00,0XFE,0XFE,0X08,0X08,0XF8,0XF0,0X00,0XC0,0XE8,0X28,0X28,0XF8,0XF0,0X00,
 405                  0X00,0X00,0X00,0X00,0X00,0X00,0X00,0X00,0X00,0X00,0X00,0X00,0X00,0X00,0X00,0X1C,
 406                  0X3A,0X76,0X6E,0X5C,0X38,0X00,0X00,0X00,0X00,0X00,0X00,0X00,0X00,0X00,0X00,0X00,
 407                  0X00,0X00,0X00,0X00,0X00,0X00,0X00,0X00,0X00,0X00,0X00,0X00,0X00,0X00,0X00,0X00,
 408                  0X00,0X00,0X00,0X00,0X00,0X00,0X00,0X00,0X00,0X00,0X00,0X00,0X00,0X00,0X03,0XFF,
 409                  0XFF,0XFF,0XFF,0XFF,0XFF,0XFF,0XFF,0X03,0X00,0X00,0X00,0X00,0X00,0X00,0X00,0X00,
 410                  0X00,0X00,0X00,0X00,0X00,0X00,0X00,0X00,0X00,0X00,0X00,0X00,0XF1,0XF1,0X70,0XC0,
 411                  0X80,0XC0,0X70,0XF1,0XF1,0X00,0X00,0X41,0X41,0X41,0XC0,0X80,0X00,0X81,0XC1,0X41,
 412                  0X41,0X40,0X01,0X81,0XC0,0X40,0X41,0X41,0X00,0XF0,0XF1,0X41,0X41,0XC1,0X81,0X00,
 413                  0XD0,0XD0,0X00,0X00,0X40,0X40,0X40,0XC0,0X80,0X00,0X40,0XF0,0XF0,0X40,0X00,0XF0,
 414                  0XF0,0X40,0X00,0X80,0XC0,0X40,0XC0,0X80,0X00,0X00,0X00,0X00,0X00,0X00,0X00,0X00,
 415                  0X00,0X00,0X00,0X00,0X00,0X00,0X00,0X00,0X00,0X00,0X00,0X00,0X00,0X00,0X00,0X00,
 416                  0X00,0X00,0X00,0X00,0X00,0X00,0X00,0X00,0X00,0X00,0X00,0X00,0X00,0X00,0X00,0X04,
 417                  0X07,0X05,0X05,0X05,0X05,0X07,0X04,0X00,0X00,0X00,0X00,0X00,0X00,0X00,0X00,0X00,
 418                  0X00,0X00,0X00,0X00,0X00,0X00,0X00,0X00,0X00,0X00,0X00,0X00,0X0F,0X0F,0X00,0X00,
 419                  0X01,0X00,0X00,0X0F,0X0F,0X00,0X06,0X0F,0X09,0X09,0X0F,0X0F,0X00,0X07,0X0F,0X08,
 420                  0X08,0X08,0X00,0X07,0X0F,0X08,0X08,0X08,0X00,0X0F,0X0F,0X00,0X00,0X0F,0X0F,0X00,
 421                  0X0F,0X0F,0X00,0X06,0X0F,0X09,0X09,0X0F,0X0F,0X00,0X00,0X07,0X0F,0X08,0X00,0X07,
 422                  0X0F,0X08,0X00,0X07,0X0F,0X08,0X0F,0X07,0X00,0X00,0X00,0X00,0X00,0X00,0X00,0X00,
 423          };
 424          
 425          unsigned char code picture5[8][128] ={
 426                  0X00,0X00,0X00,0XFC,0X84,0X84,0X84,0X84,0XCC,0X78,0X00,0X00,0X00,0XFC,0X00,0X00,
 427                  0X00,0XBC,0XA4,0XA4,0XA4,0XA4,0XEC,0X00,0X00,0X00,0X80,0XE0,0X58,0X4C,0X58,0XE0,
 428                  0X80,0X00,0X00,0X00,0XFC,0X24,0X24,0X64,0XA4,0XBC,0X00,0X00,0X00,0XFC,0X08,0X10,
 429                  0X20,0X10,0X08,0XFC,0X00,0X00,0X00,0X20,0X20,0X20,0X20,0X20,0X20,0X00,0X00,0X00,
C51 COMPILER V9.53.0.0   WEA012864                                                         09/07/2018 15:13:04 PAGE 8   

 430                  0X20,0X20,0X20,0X20,0X20,0X20,0X00,0X00,0X00,0X20,0X20,0X20,0X20,0X20,0X20,0X00,
 431                  0X00,0X00,0X20,0X20,0X20,0X20,0X20,0X20,0X00,0X00,0X00,0X20,0X20,0X20,0X20,0X20,
 432                  0X20,0X00,0X00,0X80,0XE0,0X58,0X4C,0X58,0XE0,0X80,0X00,0X00,0X00,0XFC,0X24,0X24,
 433                  0X64,0XA4,0XBC,0X00,0X00,0X00,0XFC,0X08,0X10,0X20,0X10,0X08,0XFC,0X00,0X00,0X00,
 434                  0X00,0X04,0X84,0XC4,0XE4,0XE4,0XE4,0XE4,0XE4,0XE4,0XE4,0XE4,0XE4,0XE4,0XE4,0XE4,
 435                  0XE4,0XE4,0XE4,0XE4,0XE4,0XE4,0XE4,0XE4,0XE4,0XE4,0XE4,0XE4,0XE4,0XE4,0XC4,0X84,
 436                  0X04,0X84,0X44,0X24,0X24,0X24,0X24,0X24,0X24,0X24,0X24,0X24,0X24,0X24,0X24,0X24,
 437                  0X24,0X24,0X24,0X24,0X24,0X24,0X24,0X24,0X24,0X24,0X24,0X24,0X24,0X44,0X84,0X04,
 438                  0X84,0X44,0X24,0X24,0X24,0X24,0X24,0X24,0X24,0X24,0X24,0X24,0X24,0X24,0X24,0X24,
 439                  0X24,0X24,0X24,0X24,0X24,0X24,0X24,0X24,0X24,0X24,0X24,0X24,0X44,0X84,0X04,0X84,
 440                  0X44,0X24,0X24,0X24,0X24,0X24,0X24,0X24,0X24,0X24,0X24,0X24,0X24,0X24,0X24,0X24,
 441                  0X24,0X24,0X24,0X24,0X24,0X24,0X24,0X24,0X24,0X24,0X24,0X44,0X84,0X04,0X04,0X00,
 442                  0X00,0X00,0XFF,0XFF,0XFF,0XFF,0XFF,0XFF,0XFF,0XFF,0XFF,0XFF,0X0F,0X07,0X03,0XE3,
 443                  0XE3,0XE3,0XE3,0X03,0X07,0X0F,0XFF,0XFF,0XFF,0XFF,0XFF,0XFF,0XFF,0XFF,0XFF,0XFF,
 444                  0X00,0XFF,0X00,0X00,0X00,0X00,0X00,0X00,0X00,0X00,0X00,0X00,0X00,0XFC,0X06,0XE2,
 445                  0X8A,0XAA,0XFC,0X00,0X00,0X00,0X00,0X00,0X00,0X00,0X00,0X00,0X00,0X00,0XFF,0X00,
 446                  0XFF,0X00,0X00,0X00,0X00,0X00,0X00,0X70,0XF8,0XF8,0XF8,0XF0,0XEC,0X7E,0X7E,0X7E,
 447                  0X7E,0XEC,0XF0,0XF8,0XF8,0XF8,0X70,0X00,0X00,0X00,0X00,0X00,0X00,0XFF,0X00,0XFF,
 448                  0X00,0X00,0X00,0X00,0X80,0XC0,0XE0,0XE0,0XF0,0XF0,0XF8,0XF8,0X78,0X78,0X78,0X78,
 449                  0XF8,0XF8,0XF0,0XF0,0XE0,0XE0,0XC0,0X80,0X00,0X00,0X00,0X00,0XFF,0X00,0X00,0X00,
 450                  0X00,0X00,0XFF,0XFF,0XFF,0XFF,0XFF,0XFF,0XFF,0X03,0X01,0X01,0X00,0X00,0X00,0X01,
 451                  0X61,0XE1,0X61,0X01,0X01,0X01,0X01,0X01,0X03,0XFF,0XFF,0XFF,0XFF,0XFF,0XFF,0XFF,
 452                  0X00,0XFF,0X00,0X00,0X00,0X00,0X00,0X00,0X00,0X00,0X00,0XE0,0X30,0XDF,0XE0,0XFF,
 453                  0XF0,0XE2,0XDF,0X30,0XE0,0X00,0X00,0X00,0X00,0X00,0X00,0X00,0X00,0X00,0XFF,0X00,
 454                  0XFF,0X00,0X00,0X00,0X00,0X1E,0X3F,0XBF,0XDE,0XFF,0XFF,0XE1,0XDE,0XBF,0XB3,0XB3,
 455                  0XBF,0XDE,0XE1,0XFF,0XFF,0XDE,0XBF,0X3F,0X1E,0X00,0X00,0X00,0X00,0XFF,0X00,0XFF,
 456                  0X00,0X00,0X00,0X3F,0X7F,0XFF,0XFF,0XFF,0XFF,0XFF,0XE1,0XDE,0XBF,0XBF,0XBC,0XB8,
 457                  0XD8,0XE1,0XFF,0XFF,0XFF,0XFF,0XFF,0X7F,0X3F,0X00,0X00,0X00,0XFF,0X00,0X00,0X00,
 458                  0X00,0X00,0X7F,0XFF,0XFF,0XFF,0XFF,0XFF,0XFF,0XF0,0XE0,0XE0,0XE0,0XE0,0XE0,0XE0,
 459                  0XE0,0XE1,0XE0,0XE0,0XE0,0XE0,0XE0,0XE0,0XF0,0XFF,0XFF,0XFF,0XFF,0XFF,0XFF,0X7F,
 460                  0X00,0X7F,0X80,0X00,0X00,0X00,0X00,0X00,0X00,0X00,0X00,0X07,0X0C,0X1B,0X16,0X14,
 461                  0X17,0X17,0X1B,0X0C,0X07,0X00,0X00,0X00,0X00,0X00,0X00,0X00,0X00,0X80,0X7F,0X00,
 462                  0X7F,0X80,0X00,0X00,0X00,0X00,0X00,0X03,0X07,0X07,0X07,0X03,0X0D,0X1F,0X1F,0X1F,
 463                  0X1F,0X0D,0X03,0X07,0X07,0X07,0X03,0X00,0X00,0X00,0X00,0X00,0X80,0X7F,0X00,0X7F,
 464                  0X80,0X00,0X00,0X00,0X00,0X00,0X01,0X01,0X03,0X03,0X07,0X07,0X07,0X07,0X07,0X07,
 465                  0X07,0X07,0X03,0X03,0X01,0X01,0X00,0X00,0X00,0X00,0X00,0X80,0X7F,0X00,0X00,0X00,
 466                  0X00,0X98,0X24,0X24,0XC9,0X01,0XE1,0X51,0X51,0X61,0X01,0XE1,0X11,0X11,0XA1,0X01,
 467                  0XF1,0X01,0X01,0XF1,0X01,0XF1,0X11,0X01,0XF5,0X01,0X11,0XF9,0X11,0X01,0X10,0XE0,
 468                  0X00,0XE0,0X10,0X01,0X01,0X09,0X09,0XF9,0X09,0X09,0XC1,0XA1,0XA1,0XC1,0X01,0XE1,
 469                  0X21,0X21,0XE1,0X21,0X21,0XC1,0X01,0XE1,0X21,0X21,0XC1,0X01,0X01,0X00,0X00,0X00,
 470                  0X00,0X00,0X31,0X49,0X49,0X91,0X01,0XC1,0XA1,0XA1,0XC1,0X21,0XF1,0X21,0X21,0XF1,
 471                  0X21,0X01,0XE9,0X01,0XE1,0X21,0X21,0XC1,0X01,0XC1,0X21,0X21,0XE0,0X00,0X00,0X00,
 472                  0XF0,0X09,0X09,0X09,0X11,0X01,0X21,0XA1,0XA1,0XE1,0X01,0XE1,0X21,0X21,0XE1,0X21,
 473                  0X21,0XC1,0X01,0XC1,0XA1,0XA1,0XC1,0X01,0XE1,0X21,0X21,0X00,0XA0,0XA0,0XE0,0X00,
 474                  0X00,0XC0,0X61,0X21,0X20,0X20,0X20,0X21,0X21,0X21,0X20,0X20,0X21,0X21,0X20,0X20,
 475                  0X20,0X21,0X21,0X21,0X20,0X21,0X20,0X20,0X21,0X20,0X20,0X21,0X21,0X20,0X20,0X24,
 476                  0X23,0X20,0X20,0X20,0X20,0X20,0X20,0X23,0X20,0X20,0X21,0X22,0X22,0X22,0X20,0X23,
 477                  0X20,0X20,0X23,0X20,0X20,0X23,0X20,0X2F,0X22,0X22,0X21,0X20,0X20,0X22,0X20,0X20,
 478                  0X20,0X20,0X21,0X22,0X22,0X21,0X20,0X21,0X22,0X22,0X22,0X20,0X23,0X22,0X20,0X23,
 479                  0X22,0X20,0X23,0X20,0X23,0X20,0X20,0X23,0X20,0X25,0X2A,0X2A,0X27,0X20,0X20,0X20,
 480                  0X21,0X22,0X22,0X22,0X21,0X20,0X23,0X22,0X22,0X23,0X20,0X23,0X20,0X20,0X23,0X20,
 481                  0X20,0X23,0X20,0X21,0X22,0X22,0X22,0X20,0X23,0X20,0X20,0X23,0X22,0X62,0XC3,0X00,
 482                  0X00,0X3F,0X60,0X40,0X40,0X5F,0X45,0X45,0X4D,0X57,0X40,0X50,0X4E,0X49,0X49,0X4E,
 483                  0X50,0X40,0X41,0X42,0X5C,0X42,0X41,0X40,0X57,0X55,0X55,0X55,0X5D,0X40,0X41,0X41,
 484                  0X5F,0X41,0X41,0X50,0X4E,0X49,0X49,0X4E,0X50,0X40,0X5F,0X45,0X45,0X4D,0X57,0X40,
 485                  0X40,0X40,0X40,0X40,0X5F,0X44,0X44,0X44,0X5F,0X40,0X5F,0X51,0X51,0X51,0X5F,0X40,
 486                  0X5F,0X44,0X48,0X44,0X5F,0X40,0X5F,0X55,0X55,0X55,0X51,0X40,0X40,0X40,0X40,0X40,
 487                  0X57,0X55,0X55,0X55,0X5D,0X40,0X5F,0X55,0X55,0X55,0X51,0X40,0X5F,0X51,0X51,0X51,
 488                  0X51,0X40,0X4F,0X50,0X50,0X50,0X4F,0X40,0X5F,0X45,0X45,0X4D,0X57,0X40,0X5F,0X40,
 489                  0X41,0X41,0X5F,0X41,0X41,0X40,0X43,0X44,0X58,0X44,0X43,0X40,0X40,0X60,0X3F,0X00,
 490          };
 491          
 492          unsigned char code picture6[8][128] ={
C51 COMPILER V9.53.0.0   WEA012864                                                         09/07/2018 15:13:04 PAGE 9   

 493                  0XFF,0X01,0X01,0X01,0X01,0X01,0X81,0X81,0X81,0X81,0X81,0X81,0X01,0X81,0X81,0X01,
 494                  0X01,0X01,0X81,0X81,0X01,0X81,0X81,0X81,0X81,0X81,0X81,0X01,0X01,0X01,0X01,0X01,
 495                  0X01,0X01,0X01,0X01,0X01,0X01,0X01,0X01,0X01,0X01,0X01,0X01,0X01,0X01,0X01,0X01,
 496                  0X01,0X01,0X01,0X01,0X01,0X01,0X01,0X01,0X01,0X01,0X01,0X01,0X01,0X01,0X01,0X01,
 497                  0X01,0X01,0X01,0X01,0X01,0X01,0X7D,0X01,0X01,0XC1,0XE1,0XF1,0XF1,0XF1,0XE1,0XE1,
 498                  0XF1,0XF1,0XF1,0XE1,0XC1,0X01,0X01,0X01,0XC1,0X41,0X41,0X41,0X41,0XC1,0X01,0X01,
 499                  0XC1,0X01,0X01,0X01,0X01,0XC1,0X01,0X01,0XC1,0X01,0X01,0X01,0X01,0X01,0X01,0XC1,
 500                  0X41,0X41,0X41,0X41,0X41,0X01,0X01,0XC1,0X41,0X41,0X41,0X41,0X01,0X01,0X01,0XFF,
 501                  0XFF,0X00,0X00,0X00,0X00,0X00,0X0B,0X0A,0X0A,0X0A,0X0A,0X0E,0X00,0X00,0X00,0X01,
 502                  0X0E,0X01,0X00,0X00,0X00,0X0B,0X0A,0X0A,0X0A,0X0A,0X0E,0X00,0X00,0X00,0X00,0X00,
 503                  0X00,0X00,0X00,0XFF,0XFF,0XFF,0XFF,0X00,0X00,0X00,0X00,0X00,0X00,0X00,0XE0,0XF8,
 504                  0XFF,0X7F,0X1F,0XFF,0XFF,0XFF,0XFF,0X00,0X00,0X00,0XE0,0X7F,0X7F,0XFF,0XEF,0XEF,
 505                  0XCF,0X8F,0X00,0X00,0X00,0X00,0XDF,0X00,0X00,0X01,0X03,0X07,0X0F,0X1F,0X3F,0X3F,
 506                  0X1F,0X0F,0X07,0X03,0X01,0X00,0X00,0X00,0X07,0X01,0X01,0X01,0X01,0X01,0X00,0X00,
 507                  0X07,0X04,0X04,0X04,0X04,0X07,0X00,0X00,0X07,0X04,0X04,0X04,0X04,0X00,0X00,0X05,
 508                  0X05,0X05,0X05,0X05,0X07,0X00,0X00,0X07,0X05,0X05,0X04,0X04,0X00,0X00,0X00,0XFF,
 509                  0XFF,0X00,0X00,0X00,0XF8,0X08,0X08,0XF8,0X08,0X08,0XF8,0X00,0XF8,0X08,0X08,0XF8,
 510                  0X08,0X08,0XF8,0X00,0XFC,0X10,0X10,0X10,0XFC,0X00,0X78,0XA8,0XA8,0XB8,0X00,0X00,
 511                  0X00,0X00,0X00,0X7F,0X7F,0X7F,0X7F,0X00,0X00,0X00,0X00,0X00,0X04,0X07,0X07,0X07,
 512                  0X07,0X07,0X00,0X7F,0X7F,0X7F,0X7F,0X00,0X00,0X00,0X78,0X78,0X78,0X7C,0X7F,0X3F,
 513                  0X3F,0X0F,0X00,0X00,0X00,0X00,0XF7,0X00,0X00,0X00,0X00,0X00,0X00,0X00,0X00,0X00,
 514                  0X00,0X00,0X1E,0X1E,0X1E,0X9E,0XFE,0XFE,0XFE,0X3E,0X06,0X00,0X00,0X00,0X00,0XE0,
 515                  0XFE,0XFE,0XFE,0XDE,0XDE,0X1E,0X00,0X00,0X00,0X00,0X00,0X00,0XC0,0X20,0X00,0X80,
 516                  0X80,0X80,0X80,0X80,0X80,0X80,0X00,0XA0,0X00,0X80,0X80,0X80,0X80,0X00,0X00,0XFF,
 517                  0XFF,0X00,0X00,0X00,0X00,0X00,0X00,0X00,0X00,0X00,0X00,0X00,0X00,0X00,0X00,0X00,
 518                  0X00,0X00,0X00,0X00,0X00,0X00,0X00,0X00,0X00,0X00,0X03,0X02,0X02,0X03,0X00,0X00,
 519                  0X00,0X00,0X00,0X00,0X00,0X00,0X00,0X00,0X00,0X00,0X00,0X00,0X00,0X00,0X00,0X00,
 520                  0X00,0X00,0X00,0X00,0X00,0X00,0X00,0X00,0X00,0X00,0X00,0X00,0X00,0X00,0X00,0X00,
 521                  0X00,0X00,0X00,0X00,0X00,0X00,0X7D,0X00,0X00,0X00,0X00,0X00,0X00,0X00,0X00,0X00,
 522                  0X00,0X00,0X00,0X20,0X3C,0X3F,0X3F,0X1F,0X01,0X00,0X00,0X00,0X00,0X00,0X00,0X3C,
 523                  0X3C,0X3C,0X3F,0X3F,0X1F,0X0F,0X00,0X00,0X00,0X00,0X18,0X06,0X01,0X00,0X00,0X0F,
 524                  0X00,0X00,0X0F,0X00,0X00,0X0F,0X00,0X0F,0X00,0X0F,0X00,0X00,0X0F,0X00,0X00,0XFF,
 525                  0XFF,0X00,0X01,0X01,0X01,0X01,0X01,0X00,0X01,0X01,0X01,0X01,0X01,0X00,0X01,0X01,
 526                  0X01,0X01,0X01,0X00,0X01,0X01,0X01,0X01,0X01,0X00,0X01,0X01,0X01,0X01,0X01,0X00,
 527                  0X01,0X01,0X01,0X01,0X01,0X00,0X01,0X01,0X01,0X01,0X01,0X00,0X01,0X01,0X01,0X01,
 528                  0X01,0X00,0X01,0X01,0X01,0X01,0X01,0X00,0X01,0X01,0X01,0X01,0X01,0X00,0X01,0X01,
 529                  0X01,0X01,0X01,0X00,0X01,0X01,0XDF,0X00,0X00,0X00,0X00,0X00,0X00,0XE0,0X30,0X10,
 530                  0X10,0X10,0X10,0X10,0X10,0X10,0X10,0X10,0X10,0X10,0X10,0X10,0X10,0X10,0X10,0X10,
 531                  0X10,0X10,0X10,0X10,0X10,0X10,0X10,0X10,0X10,0X10,0X10,0X10,0X10,0X10,0X10,0X10,
 532                  0X10,0X10,0X10,0X10,0X10,0X10,0X10,0X10,0X30,0XE0,0X00,0X00,0X00,0X00,0X00,0XFF,
 533                  0XFF,0X00,0X00,0X00,0X00,0X00,0X00,0X1F,0X11,0X11,0X11,0X11,0X0E,0X00,0X00,0X1F,
 534                  0X00,0X00,0X10,0X0C,0X0A,0X09,0X0A,0X1C,0X10,0X00,0X00,0X00,0X00,0X00,0X00,0X00,
 535                  0X00,0X00,0X00,0X00,0X00,0X00,0X00,0X00,0X00,0X00,0X00,0X00,0X78,0XFC,0XFE,0XCE,
 536                  0XCE,0XFE,0XFC,0X78,0X00,0X00,0X00,0X00,0XE0,0XFC,0XFE,0XFE,0XFE,0XE6,0XE0,0XC0,
 537                  0X80,0X00,0X00,0X00,0X00,0X00,0XF7,0X00,0X00,0X00,0X00,0X00,0X00,0XFF,0X00,0X00,
 538                  0X00,0X00,0X00,0X00,0X00,0X00,0X00,0X2F,0X29,0X29,0X29,0X29,0X3B,0X00,0X00,0X3F,
 539                  0X25,0X25,0X25,0X21,0X21,0X00,0X00,0X01,0X01,0X01,0X3F,0X01,0X01,0X01,0X00,0X00,
 540                  0X00,0X00,0X00,0X00,0X00,0X00,0X00,0X00,0X00,0XFF,0X00,0X00,0X00,0X00,0X00,0XFF,
 541                  0XFF,0X00,0X00,0X00,0XF0,0X10,0X10,0XF0,0X10,0X10,0XF0,0X00,0XF0,0X10,0X10,0XF0,
 542                  0X10,0X10,0XF0,0X00,0XF8,0X20,0X20,0X20,0XF8,0X00,0XF0,0X50,0X50,0X70,0X00,0X00,
 543                  0X00,0X00,0X00,0X00,0X00,0X00,0X00,0X00,0X00,0X00,0X00,0X1E,0X7F,0X7F,0XF3,0XE1,
 544                  0XE1,0XF3,0X7F,0X7F,0X1E,0X00,0X00,0X1F,0X3F,0X7F,0XFF,0XF1,0XF1,0XF1,0XFF,0X7F,
 545                  0X3F,0X1F,0X00,0X00,0X00,0X00,0X7D,0X00,0X00,0X00,0X00,0X00,0X00,0XFF,0XFF,0XFF,
 546                  0X0F,0X6F,0X6F,0X6F,0X6F,0X4F,0XFF,0XEF,0XEF,0XEF,0X0F,0XEF,0XEF,0XEF,0XFF,0XFF,
 547                  0X7F,0X1F,0XCF,0XCF,0X3F,0X7F,0XFF,0XFF,0X0F,0X6F,0X6F,0X6F,0X6F,0X0F,0XFF,0XFF,
 548                  0XEF,0XEF,0XEF,0X0F,0XEF,0XEF,0XEF,0XFF,0XFF,0XFF,0X00,0X00,0X00,0X00,0X00,0XFF,
 549                  0XFF,0X80,0X80,0X80,0X81,0X80,0X80,0X81,0X80,0X80,0X81,0X80,0X81,0X80,0X80,0X81,
 550                  0X80,0X80,0X81,0X80,0X81,0X80,0X80,0X80,0X81,0X80,0X86,0X85,0X85,0X87,0X80,0X80,
 551                  0X80,0X80,0X80,0X80,0X80,0X80,0X80,0X80,0X80,0X80,0X80,0X80,0X80,0X80,0X80,0X80,
 552                  0X80,0X80,0X80,0X80,0X80,0X80,0X80,0X80,0X80,0X80,0X80,0X80,0X80,0X80,0X80,0X80,
 553                  0X80,0X80,0X80,0X80,0X80,0X80,0XBF,0X80,0X80,0X80,0X80,0X80,0X80,0X9F,0XBF,0XBF,
 554                  0XBD,0XBD,0XBD,0XBD,0XBD,0XBC,0XBF,0XBF,0XBF,0XBF,0XBC,0XBF,0XBF,0XBF,0XBF,0XBD,
 555                  0XBC,0XBE,0XBE,0XBE,0XBE,0XBC,0XBD,0XBF,0XBC,0XBF,0XBF,0XBE,0XBC,0XBD,0XBD,0XBF,
C51 COMPILER V9.53.0.0   WEA012864                                                         09/07/2018 15:13:04 PAGE 10  

 556                  0XBF,0XBF,0XBF,0XBC,0XBF,0XBF,0XBF,0XBF,0XBF,0X9F,0X80,0X80,0X80,0X80,0X80,0XFF,
 557          };
 558          
 559          unsigned char code picture7[8][128] ={
 560                  0X00,0X00,0X00,0X00,0X00,0X00,0X00,0X00,0X00,0X00,0X00,0X00,0X00,0X00,0X00,0X00,
 561                  0X00,0X00,0X00,0X00,0X00,0X00,0X00,0XC0,0XC0,0X80,0X00,0X00,0X00,0X00,0X00,0X00,
 562                  0X00,0X00,0X78,0X78,0X00,0X00,0X00,0X00,0X00,0X00,0X00,0X00,0X00,0X00,0X00,0X00,
 563                  0X00,0X00,0X00,0X00,0X00,0X00,0X00,0X04,0X04,0XFC,0XFC,0X04,0X04,0X00,0XE0,0XF0,
 564                  0X50,0X50,0X70,0X60,0X00,0XF0,0XF0,0X10,0X10,0XF0,0XF0,0X10,0X10,0XF0,0XE0,0X00,
 565                  0XF0,0XF0,0X10,0X10,0XF0,0XE0,0X00,0X00,0X00,0X00,0X00,0X00,0X00,0X00,0X00,0X00,
 566                  0X00,0X00,0X00,0X00,0X00,0X00,0X00,0X00,0X00,0X00,0X00,0X00,0X00,0X00,0X00,0X00,
 567                  0X00,0X00,0X00,0X00,0X00,0X00,0X00,0X00,0X00,0X00,0X00,0X00,0X00,0X00,0X00,0X00,
 568                  0X00,0X00,0X00,0X00,0X00,0X00,0X00,0X00,0X00,0X00,0X00,0X00,0X00,0X00,0X00,0X00,
 569                  0X00,0X00,0X80,0X80,0XC0,0XC0,0XC0,0XC0,0XC1,0XC3,0XE3,0XB0,0X98,0X0C,0X0C,0X06,
 570                  0X06,0X06,0X86,0X86,0X8C,0X8C,0XD8,0XF0,0XE0,0XC0,0X8C,0X8E,0X07,0X03,0X00,0X00,
 571                  0X00,0X00,0X00,0X00,0X00,0X00,0X00,0X00,0X00,0X03,0X03,0X00,0X00,0X00,0X01,0X03,
 572                  0X02,0X02,0X03,0X01,0X00,0X03,0X03,0X00,0X00,0X03,0X03,0X00,0X00,0X03,0X03,0X00,
 573                  0X0F,0X0F,0X02,0X02,0X03,0X01,0X00,0X03,0X03,0X00,0X00,0X00,0XC0,0XE0,0X70,0X30,
 574                  0X30,0X30,0XE0,0XC0,0X00,0X00,0X00,0X00,0X80,0XE0,0XF0,0XF0,0X00,0X00,0X20,0X50,
 575                  0X20,0X00,0XC0,0X20,0X10,0X10,0X20,0X00,0X00,0X00,0X00,0X00,0X00,0X00,0X00,0X00,
 576                  0X00,0X00,0X00,0X00,0X00,0X00,0X00,0X00,0X80,0XC0,0X60,0X30,0X30,0X18,0X18,0X18,
 577                  0X1E,0X0F,0X01,0X01,0X00,0X00,0X00,0X00,0X00,0X00,0X01,0X01,0X01,0X03,0X03,0X06,
 578                  0X06,0X03,0X03,0X01,0X01,0X00,0X80,0X80,0X80,0XC1,0XC1,0XC1,0X81,0X87,0X86,0X8C,
 579                  0XFC,0XF8,0X00,0X00,0X00,0X00,0X00,0X00,0XFA,0X00,0XF8,0X08,0X08,0XF0,0X00,0X90,
 580                  0XA8,0XA8,0X48,0X00,0XFA,0X00,0X70,0X88,0X88,0X88,0XFE,0X00,0X70,0XA8,0XA8,0XA8,
 581                  0X30,0X00,0X00,0X00,0X00,0X00,0X00,0X00,0X00,0X00,0X00,0X00,0XC0,0XE0,0XF0,0XD8,
 582                  0XDC,0XCE,0XC7,0XC1,0X00,0X38,0X3C,0X37,0X33,0X30,0XFF,0XFF,0X30,0X00,0X00,0X00,
 583                  0X00,0X00,0X01,0X02,0X04,0X04,0X02,0X00,0X00,0X00,0X00,0X00,0X00,0X00,0X00,0X00,
 584                  0X00,0X00,0X00,0X00,0X00,0X00,0X00,0X00,0X0F,0X1F,0X30,0X60,0X60,0XC0,0XC0,0XC0,
 585                  0X60,0X60,0XC0,0XC0,0XC0,0XC0,0XC0,0XC0,0XC0,0XC0,0XC0,0XC0,0XC0,0X80,0X80,0X80,
 586                  0X80,0X80,0XB8,0XFC,0XE6,0XC3,0XC3,0X81,0X01,0X00,0X00,0X00,0X81,0X81,0X81,0X81,
 587                  0X81,0XC3,0XFF,0X7E,0X00,0X00,0X00,0X00,0X00,0X00,0X00,0X00,0X00,0X00,0X00,0X00,
 588                  0X00,0X00,0X00,0X00,0X00,0X00,0X00,0X00,0X00,0X00,0X00,0X00,0X00,0X00,0X00,0X00,
 589                  0X00,0X00,0X00,0X00,0X00,0X00,0X00,0X00,0X00,0X00,0X00,0X00,0X60,0X70,0X38,0X18,
 590                  0X18,0X18,0XF0,0XE0,0X00,0XE0,0XF0,0X18,0X18,0X18,0X38,0XF0,0XC0,0X00,0X10,0X28,
 591                  0X10,0X00,0XE0,0X10,0X08,0X08,0X10,0X00,0X00,0X00,0X00,0X00,0X00,0X00,0X00,0X00,
 592                  0X00,0X00,0X00,0X00,0X00,0X00,0X00,0X00,0X00,0X00,0X00,0X00,0X00,0X00,0X00,0X00,
 593                  0X00,0X1C,0X1C,0X00,0X00,0X70,0X70,0X00,0X00,0X1C,0X1C,0X00,0X00,0X71,0X71,0X01,
 594                  0X01,0X1D,0X1D,0X00,0X00,0X00,0X01,0X01,0X03,0X03,0X03,0X01,0X01,0X01,0X01,0X01,
 595                  0X01,0X00,0X00,0X00,0X00,0X00,0X00,0X00,0X38,0X44,0X44,0X44,0X38,0X00,0X3C,0X40,
 596                  0X40,0X7C,0X00,0X04,0X3E,0X44,0X00,0X48,0X54,0X54,0X24,0X00,0X7D,0X00,0X38,0X44,
 597                  0X44,0X44,0X7F,0X00,0X38,0X54,0X54,0X54,0X18,0X00,0X00,0X00,0X60,0X70,0X78,0X6C,
 598                  0X6E,0X67,0X63,0X60,0X00,0X31,0X73,0X67,0X66,0X66,0X73,0X3F,0X0F,0X00,0X00,0X00,
 599                  0X00,0X00,0X00,0X01,0X02,0X02,0X01,0X00,0X00,0X00,0X00,0X00,0X00,0X00,0X00,0X00,
 600                  0X00,0X00,0X00,0X00,0X00,0X00,0X00,0X00,0X00,0X00,0X00,0X00,0X00,0X00,0X00,0X00,
 601                  0X00,0X00,0X00,0X00,0X00,0X00,0X00,0X00,0X00,0X00,0X00,0X00,0X00,0X00,0X00,0X00,
 602                  0X00,0X00,0X00,0X00,0X00,0X00,0X00,0X00,0X00,0X00,0X00,0X00,0X00,0X00,0X00,0X00,
 603                  0X00,0X00,0X00,0X00,0X00,0X00,0X00,0X00,0X00,0X00,0X00,0X00,0X00,0X00,0X00,0X00,
 604                  0X00,0X00,0X00,0X00,0X00,0X00,0X00,0X00,0X00,0X00,0X00,0X00,0X00,0X00,0X00,0X00,
 605                  0X00,0X00,0X00,0X00,0X80,0XE0,0X30,0XE0,0X80,0X00,0X00,0X00,0X00,0X00,0X00,0X00,
 606                  0X00,0X00,0X00,0X00,0X00,0X00,0X00,0X00,0X00,0X00,0X00,0X00,0X00,0X00,0X00,0X00,
 607                  0X00,0X00,0X00,0X00,0X00,0X00,0X00,0X00,0X00,0X00,0X00,0X00,0X00,0X00,0X00,0X00,
 608                  0X00,0X00,0X00,0X00,0X00,0X00,0X00,0X00,0X00,0X00,0X00,0X00,0X00,0X00,0X00,0X00,
 609                  0X00,0X00,0X00,0X00,0X00,0X00,0X00,0XFE,0XFE,0X10,0X10,0XFE,0XFE,0X00,0XF8,0XF8,
 610                  0X00,0X00,0XF8,0XF8,0X00,0XF8,0XF8,0X08,0X08,0XF8,0XF8,0X08,0X08,0XF8,0XF0,0X00,
 611                  0XFA,0XFA,0X00,0XF0,0XF8,0X08,0X08,0XFE,0XFE,0X00,0XFA,0XFA,0X00,0X08,0XFC,0XFE,
 612                  0X08,0X00,0X08,0X78,0XF0,0X80,0XF0,0X78,0X08,0X00,0X00,0X00,0X00,0X00,0X00,0XF0,
 613                  0XF8,0XFC,0XE6,0XC3,0XC1,0XC0,0XC0,0XC0,0XC1,0XC3,0XE6,0XFC,0XF8,0XF0,0X00,0X00,
 614                  0XE0,0XF0,0X88,0X88,0X98,0X10,0X00,0X00,0X80,0X60,0XF8,0XF8,0X00,0X00,0X00,0X00,
 615                  0X80,0X00,0X00,0X00,0X00,0X80,0X00,0X00,0X00,0X00,0X00,0X00,0X00,0X00,0X00,0X00,
 616                  0X00,0X00,0X00,0X00,0X00,0X00,0X00,0X00,0X00,0X00,0X00,0X00,0X00,0X00,0X00,0X00,
 617                  0X00,0X00,0X00,0X00,0X00,0X00,0X00,0X01,0X01,0X00,0X00,0X01,0X01,0X00,0X00,0X01,
 618                  0X01,0X01,0X01,0X01,0X00,0X01,0X01,0X00,0X00,0X01,0X01,0X00,0X00,0X01,0X01,0X00,
C51 COMPILER V9.53.0.0   WEA012864                                                         09/07/2018 15:13:04 PAGE 11  

 619                  0X01,0X01,0X00,0X00,0X01,0X01,0X01,0X01,0X01,0X00,0X01,0X01,0X00,0X00,0X00,0X01,
 620                  0X01,0X00,0X04,0X04,0X07,0X03,0X01,0X00,0X00,0X00,0X00,0X00,0X00,0X00,0X00,0X03,
 621                  0X07,0X0C,0X19,0X19,0X3F,0X3F,0X3F,0X3F,0X3F,0X1F,0X1F,0X0F,0X07,0X03,0X00,0X00,
 622                  0X0F,0X1F,0X10,0X10,0X1F,0X0F,0X00,0X06,0X05,0X04,0X1F,0X1F,0X04,0X00,0X00,0X01,
 623                  0X12,0X09,0X04,0X02,0X09,0X14,0X08,0X00,0X00,0X00,0X00,0X00,0X00,0X00,0X00,0X00,
 624          };//\00
 625          
 626          unsigned char code Winstar[8][128]= {
 627                          0x00,0x00,0x00,0x00,0x00,0x00,0x00,0x00,
 628                          0x00,0x00,0x00,0x00,0x00,0x00,0x00,0x00,
 629                          0x00,0x00,0x00,0x00,0x00,0x00,0x00,0x00,
 630                          0x00,0x00,0x60,0xE0,0xE0,0xE0,0xE0,0xE0,
 631                          0xE0,0xE0,0xE0,0xE0,0xE0,0xE0,0xE0,0xE0,
 632                          0xC0,0x80,0x00,0x00,0x00,0x00,0x00,0x00,
 633                          0x00,0x00,0x00,0xE0,0xE0,0xE0,0xE0,0xE0,
 634                          0xE0,0xE0,0xE0,0xE0,0xE0,0xE0,0xE0,0xE0,
 635                          0xE0,0xC0,0x80,0x00,0x00,0x00,0x00,0x00,
 636                          0x00,0x00,0x00,0x60,0xE0,0xE0,0xE0,0xE0,
 637                          0xE0,0xE0,0xE0,0xE0,0xE0,0xE0,0xE0,0xE0,
 638                          0xE0,0xE0,0xC0,0x00,0x00,0x00,0x00,0x00,
 639                          0x00,0x00,0x00,0x00,0x00,0x00,0x00,0x00,
 640                          0x00,0x00,0x00,0x00,0x00,0x00,0x00,0x00,
 641                          0x00,0x00,0x00,0x00,0x00,0x00,0x00,0x00,
 642                          0x00,0x00,0x00,0x00,0x00,0x00,0x00,0x00,
 643                          0x00,0x00,0x00,0x00,0x00,0x00,0x00,0x00,
 644                          0x00,0x00,0x00,0x00,0x00,0x00,0x00,0x00,
 645                          0x00,0x00,0x00,0x00,0x00,0x00,0x00,0x00,
 646                          0x00,0x00,0x00,0x01,0x07,0x1F,0x7F,0xFF,
 647                          0xFF,0xFF,0xFF,0xFF,0xFF,0xFF,0xFF,0xFF,
 648                          0xFF,0xFF,0xFE,0xF8,0xE0,0x80,0x00,0x00,
 649                          0x00,0x00,0x00,0x00,0x03,0x0F,0xBF,0xFF,
 650                          0xFF,0xFF,0xFF,0xFF,0xFF,0xFF,0xFF,0xFF,
 651                          0xFF,0xFF,0xFF,0xFC,0xF0,0xC0,0x00,0x00,
 652                          0x00,0x00,0x00,0x00,0x00,0x07,0x1F,0xFF,
 653                          0xFF,0xFF,0xFF,0xFF,0xFF,0xFF,0xFF,0xFF,
 654                          0xFF,0xFF,0xFF,0xFF,0xFC,0xF0,0x00,0x00,
 655                          0x00,0x00,0x00,0x00,0x00,0x00,0x00,0x00,
 656                          0x00,0x00,0x00,0x00,0x00,0x00,0x00,0x00,
 657                          0x00,0x00,0x00,0x00,0x00,0x00,0x00,0x00,
 658                          0x00,0x00,0x00,0x00,0x00,0x00,0x00,0x00,
 659                          0x00,0x00,0x00,0x00,0x00,0x00,0x00,0x00,
 660                          0x00,0x00,0x00,0x00,0x00,0x00,0x00,0x00,
 661                          0x00,0x00,0x00,0x00,0x00,0x00,0x00,0x00,
 662                          0x00,0x00,0x00,0x00,0x00,0x00,0x00,0x00,
 663                          0x61,0xE1,0xE1,0xE1,0xE1,0xE1,0xE1,0xE1,
 664                          0xE1,0xE1,0xE1,0xE1,0xE1,0xE1,0xC0,0xC0,
 665                          0x00,0x00,0x00,0x00,0x06,0x07,0x03,0x03,
 666                          0x01,0x61,0xE1,0xE1,0xE1,0xE1,0xE1,0xE1,
 667                          0xE1,0xE1,0xE1,0xE1,0xE1,0xE0,0xE0,0xC0,
 668                          0x80,0x00,0x00,0x00,0x04,0x06,0x03,0x03,
 669                          0x03,0x01,0x01,0x01,0x01,0x01,0x01,0x01,
 670                          0x01,0x01,0x01,0x01,0x01,0x01,0x00,0x00,
 671                          0x00,0x00,0x00,0x00,0x00,0x00,0x00,0x00,
 672                          0x00,0x00,0x00,0x00,0x00,0x00,0x00,0x00,
 673                          0x00,0x00,0x00,0x00,0x00,0x00,0x00,0x00,
 674                          0x00,0x00,0x00,0x00,0x00,0x00,0x00,0x00,
 675                          0x00,0x00,0x00,0x00,0x00,0x00,0x00,0x00,
 676                          0x00,0x00,0x00,0x00,0x00,0x00,0x00,0x00,
 677                          0x00,0x00,0x00,0x00,0x00,0x00,0x00,0x00,
 678                          0x00,0x00,0x00,0x00,0x00,0x00,0x00,0x00,
 679                          0x00,0x01,0x07,0x1F,0x7F,0xFF,0xFF,0xFF,
 680                          0xFF,0xFF,0xFF,0xFF,0xFF,0xFF,0xFF,0xFF,
 681                          0xFF,0xFC,0xF0,0x80,0x00,0x00,0x00,0x00,
C51 COMPILER V9.53.0.0   WEA012864                                                         09/07/2018 15:13:04 PAGE 12  

 682                          0x00,0x00,0x01,0x07,0x3F,0xFF,0xFF,0xFF,
 683                          0xFF,0xFF,0xFF,0xFF,0xFF,0xFF,0xFF,0xFF,
 684                          0xFF,0xFE,0xF8,0xE0,0x80,0x00,0x00,0x00,
 685                          0x00,0x00,0x00,0x00,0x00,0x00,0x00,0x00,
 686                          0x00,0x00,0x00,0x00,0x00,0x00,0x00,0x00,
 687                          0x00,0x00,0x00,0x00,0x00,0x00,0x00,0x00,
 688                          0x00,0x00,0x00,0x00,0x00,0x00,0x00,0x00,
 689                          0x00,0x00,0x00,0x00,0x00,0x00,0x00,0x00,
 690                          0x00,0x00,0x00,0x00,0x00,0x00,0x00,0x00,
 691                          0x00,0x00,0x00,0x00,0x00,0x00,0x00,0x00,
 692                          0x00,0x00,0x00,0x00,0x00,0x00,0x00,0x00,
 693                          0x00,0x00,0x00,0x00,0x00,0x00,0x00,0x00,
 694                          0x00,0x00,0x70,0xF0,0x80,0x00,0x00,0x00,
 695                          0x00,0xE0,0xF0,0xF0,0xC0,0x00,0x01,0x01,
 696                          0xC1,0xF1,0x31,0x01,0x11,0xF1,0xF1,0x11,
 697                          0x01,0x01,0xF1,0xF1,0x70,0xE0,0x80,0x00,
 698                          0x00,0x00,0xF0,0xF0,0x00,0x00,0xC0,0xE1,
 699                          0x11,0x11,0x11,0x31,0x01,0x01,0x01,0x11,
 700                          0x11,0x11,0xF1,0xF1,0x11,0x10,0x10,0x00,
 701                          0x00,0x00,0x80,0xE0,0x70,0xF0,0xE0,0x80,
 702                          0x00,0x00,0x00,0x00,0x00,0xF0,0xF0,0x10,
 703                          0x10,0x10,0x30,0xE0,0xE0,0x00,0x00,0x00,
 704                          0x00,0x00,0x00,0x00,0x00,0x00,0x00,0x00,
 705                          0x00,0x00,0x00,0x00,0x00,0x00,0x00,0x00,
 706                          0x00,0x00,0x00,0x00,0x00,0x00,0x00,0x00,
 707                          0x00,0x00,0x00,0x00,0x00,0x00,0x00,0x00,
 708                          0x00,0x00,0x00,0x00,0x00,0x00,0x00,0x00,
 709                          0x00,0x00,0x00,0x00,0x00,0x00,0x00,0x00,
 710                          0x00,0x00,0x00,0x03,0x3F,0xF8,0xF0,0x7C,
 711                          0x1F,0x03,0x00,0x01,0x3F,0xF8,0xF0,0x7E,
 712                          0x0F,0x01,0x00,0x00,0x80,0xFF,0xFF,0x80,
 713                          0x00,0x00,0xFF,0xFF,0x00,0x01,0x03,0x0E,
 714                          0x38,0xF0,0xFF,0xFF,0x00,0x00,0xC1,0x83,
 715                          0x87,0x86,0x8C,0x7C,0x78,0x00,0x00,0x00,
 716                          0x00,0x00,0xFF,0xFF,0x00,0x00,0x00,0xC0,
 717                          0xF0,0x3C,0x0F,0x0B,0x08,0x08,0x0B,0x0F,
 718                          0x3C,0xF0,0xC0,0x00,0x00,0xFF,0xFF,0x04,
 719                          0x04,0x0C,0x1E,0x73,0xE1,0x80,0x00,0x00,
 720                          0x00,0x00,0x00,0x00,0x00,0x00,0x00,0x00,
 721                          0x00,0x00,0x00,0x00,0x00,0x00,0x00,0x00,
 722                          0x00,0x00,0x00,0x00,0x00,0x00,0x00,0x00,
 723                          0x00,0x00,0x00,0x00,0x00,0x00,0x00,0x00,
 724                          0x00,0x00,0x00,0x00,0x00,0x00,0x00,0x00,
 725                          0x00,0x00,0x00,0x00,0x00,0x00,0x00,0x00,
 726                          0x00,0x00,0x00,0x00,0x00,0x70,0xC0,0x00,
 727                          0x00,0xC0,0x70,0xE0,0x00,0x00,0x80,0x70,
 728                          0x00,0xF0,0x90,0x90,0x90,0x90,0x00,0xC0,
 729                          0x20,0x10,0x10,0x10,0x20,0xC0,0x00,0x00,
 730                          0x30,0x10,0xF0,0x00,0x00,0x00,0x00,0x20,
 731                          0x10,0x10,0x10,0xE0,0x00,0x00,0x60,0x90,
 732                          0x90,0x90,0x60,0x00,0x00,0xC0,0xB0,0x90,
 733                          0x90,0x00,0x00,0x00,0x80,0x40,0x30,0xF0,
 734                          0x00,0x00,0x00,0xF0,0x10,0x10,0x10,0x30,
 735                          0x60,0xC0,0x00,0x00,0x00,0x00,0x00,0x00,
 736                          0x00,0x00,0x00,0x00,0x00,0x00,0x00,0x00,
 737                          0x00,0x00,0x00,0x00,0x00,0x00,0x00,0x00,
 738                          0x00,0x00,0x00,0x00,0x00,0x00,0x00,0x00,
 739                          0x00,0x00,0x00,0x00,0x00,0x00,0x00,0x00,
 740                          0x00,0x00,0x00,0x00,0x00,0x00,0x00,0x00,
 741                          0x00,0x00,0x00,0x00,0x00,0x00,0x00,0x00,
 742                          0x00,0x00,0x00,0x00,0x00,0x00,0x03,0x0E,
 743                          0x0E,0x01,0x00,0x01,0x07,0x0C,0x03,0x00,
 744                          0x00,0x0F,0x08,0x08,0x08,0x08,0x00,0x03,
C51 COMPILER V9.53.0.0   WEA012864                                                         09/07/2018 15:13:04 PAGE 13  

 745                          0x04,0x08,0x08,0x08,0x04,0x03,0x00,0x00,
 746                          0x08,0x08,0x0F,0x08,0x08,0x00,0x00,0x08,
 747                          0x0C,0x0A,0x09,0x08,0x00,0x00,0x06,0x09,
 748                          0x08,0x09,0x06,0x00,0x00,0x07,0x08,0x08,
 749                          0x08,0x07,0x00,0x03,0x03,0x02,0x02,0x0F,
 750                          0x02,0x00,0x00,0x0F,0x08,0x08,0x08,0x0C,
 751                          0x06,0x03,0x00,0x00,0x00,0x00,0x00,0x00,
 752                          0x00,0x00,0x00,0x00,0x00,0x00,0x00,0x00,
 753                          0x00,0x00,0x00,0x00,0x00,0x00,0x00,0x00,
 754                          0x00,0x00,0x00,0x00,0x00,0x00,0x00,0x00
 755          };
 756          
 757          


MODULE INFORMATION:   STATIC OVERLAYABLE
   CODE SIZE        =    530    ----
   CONSTANT SIZE    =   5760    ----
   XDATA SIZE       =   ----    ----
   PDATA SIZE       =   ----    ----
   DATA SIZE        =   ----       3
   IDATA SIZE       =   ----    ----
   BIT SIZE         =   ----    ----
   EDATA SIZE       =   ----    ----
   HDATA SIZE       =   ----    ----
   XDATA CONST SIZE =   ----    ----
   FAR CONST SIZE   =   ----    ----
END OF MODULE INFORMATION.


C51 COMPILATION COMPLETE.  0 WARNING(S),  0 ERROR(S)
